<?xml version="1.0" encoding="UTF-8"?>
<testsuite xmlns:xsi="http://www.w3.org/2001/XMLSchema-instance" xsi:noNamespaceSchemaLocation="https://maven.apache.org/surefire/maven-surefire-plugin/xsd/surefire-test-report-3.0.xsd" version="3.0" name="TestSuite" time="113.916" tests="10" errors="0" skipped="0" failures="2">
  <properties>
[...]
</properties>
  <testcase name="runScenario[&quot;As a user, I should be able to order and checkout multiple products&quot;, &quot;Checkout&quot;](1)" classname="app.binar.runners.testRunner" time="61.61">
    <failure message="Expected condition failed: waiting for visibility of Proxy element for: DefaultElementLocator &apos;By.id: aadd-to-cart-sauce-labs-backpack&apos; (tried for 25 second(s) with 500 milliseconds interval)" type="org.openqa.selenium.TimeoutException"><![CDATA[org.openqa.selenium.TimeoutException: Expected condition failed: waiting for visibility of Proxy element for: DefaultElementLocator 'By.id: aadd-to-cart-sauce-labs-backpack' (tried for 25 second(s) with 500 milliseconds interval)
Caused by: org.openqa.selenium.NoSuchElementException: 
no such element: Unable to locate element: {"method":"css selector","selector":"#aadd\-to\-cart\-sauce\-labs\-backpack"}
  (Session info: chrome=120.0.6099.71)
For documentation on this error, please visit: https://www.selenium.dev/documentation/webdriver/troubleshooting/errors#no-such-element-exception
Build info: version: '4.15.0', revision: '1d14b5521b'
System info: os.name: 'Windows 10', os.arch: 'amd64', os.version: '10.0', java.version: '20.0.2'
Driver info: org.openqa.selenium.chrome.ChromeDriver
Command: [64158cdeadae64d4e0fac9f7ddc67422, findElement {using=id, value=aadd-to-cart-sauce-labs-backpack}]
Capabilities {acceptInsecureCerts: false, browserName: chrome, browserVersion: 120.0.6099.71, chrome: {chromedriverVersion: 120.0.6099.71 (9729082fe617..., userDataDir: C:\Users\Lenovo\AppData\Loc...}, fedcm:accounts: true, goog:chromeOptions: {debuggerAddress: localhost:63766}, networkConnectionEnabled: false, pageLoadStrategy: normal, platformName: windows, proxy: Proxy(), se:cdp: ws://localhost:63766/devtoo..., se:cdpVersion: 120.0.6099.71, setWindowRect: true, strictFileInteractability: false, timeouts: {implicit: 0, pageLoad: 300000, script: 30000}, unhandledPromptBehavior: dismiss and notify, webauthn:extension:credBlob: true, webauthn:extension:largeBlob: true, webauthn:extension:minPinLength: true, webauthn:extension:prf: true, webauthn:virtualAuthenticators: true}
Session ID: 64158cdeadae64d4e0fac9f7ddc67422
]]></failure>
    <system-out><![CDATA[
@checkout @checkout
Scenario Outline: As a user, I should be able to order and checkout multiple products # src/test/java/app/binar/features/checkoutProduct.feature:15
  Given user should be open "https://www.saucedemo.com/" in web browser               # app.binar.steps.commonStep.navigateToUrl(java.lang.String)
  When user input valid username "standard_user" and valid password "secret_sauce"    # app.binar.steps.loginStep.loginAsValidPassword(java.lang.String,java.lang.String)
  And user click Add To Cart button on product                                        # app.binar.steps.checkoutStep.user_click_Add_To_Cart()
      org.openqa.selenium.TimeoutException: Expected condition failed: waiting for visibility of Proxy element for: DefaultElementLocator 'By.id: aadd-to-cart-sauce-labs-backpack' (tried for 25 second(s) with 500 milliseconds interval)
	at org.openqa.selenium.support.ui.WebDriverWait.timeoutException(WebDriverWait.java:84)
	at org.openqa.selenium.support.ui.FluentWait.until(FluentWait.java:229)
	at app.binar.keyword.wait_element_to_be_displayed(keyword.java:53)
	at app.binar.keyword.tapElement(keyword.java:24)
	at app.binar.pages.homePage.TapAddToCart(homePage.java:88)
	at app.binar.steps.checkoutStep.user_click_Add_To_Cart(checkoutStep.java:14)
	at ✽.user click Add To Cart button on product(file:///C:/Users/Lenovo/IdeaProjects/challenge7/src/test/java/app/binar/features/checkoutProduct.feature:8)
Caused by: org.openqa.selenium.NoSuchElementException: no such element: Unable to locate element: {"method":"css selector","selector":"#aadd\-to\-cart\-sauce\-labs\-backpack"}
  (Session info: chrome=120.0.6099.71)
For documentation on this error, please visit: https://www.selenium.dev/documentation/webdriver/troubleshooting/errors#no-such-element-exception
Build info: version: '4.15.0', revision: '1d14b5521b'
System info: os.name: 'Windows 10', os.arch: 'amd64', os.version: '10.0', java.version: '20.0.2'
Driver info: org.openqa.selenium.chrome.ChromeDriver
Command: [64158cdeadae64d4e0fac9f7ddc67422, findElement {using=id, value=aadd-to-cart-sauce-labs-backpack}]
Capabilities {acceptInsecureCerts: false, browserName: chrome, browserVersion: 120.0.6099.71, chrome: {chromedriverVersion: 120.0.6099.71 (9729082fe617..., userDataDir: C:\Users\Lenovo\AppData\Loc...}, fedcm:accounts: true, goog:chromeOptions: {debuggerAddress: localhost:63766}, networkConnectionEnabled: false, pageLoadStrategy: normal, platformName: windows, proxy: Proxy(), se:cdp: ws://localhost:63766/devtoo..., se:cdpVersion: 120.0.6099.71, setWindowRect: true, strictFileInteractability: false, timeouts: {implicit: 0, pageLoad: 300000, script: 30000}, unhandledPromptBehavior: dismiss and notify, webauthn:extension:credBlob: true, webauthn:extension:largeBlob: true, webauthn:extension:minPinLength: true, webauthn:extension:prf: true, webauthn:virtualAuthenticators: true}
Session ID: 64158cdeadae64d4e0fac9f7ddc67422
	at java.base/jdk.internal.reflect.DirectConstructorHandleAccessor.newInstance(DirectConstructorHandleAccessor.java:67)
	at java.base/java.lang.reflect.Constructor.newInstanceWithCaller(Constructor.java:500)
	at java.base/java.lang.reflect.Constructor.newInstance(Constructor.java:484)
	at org.openqa.selenium.remote.codec.w3c.W3CHttpResponseCodec.createException(W3CHttpResponseCodec.java:200)
	at org.openqa.selenium.remote.codec.w3c.W3CHttpResponseCodec.decode(W3CHttpResponseCodec.java:133)
	at org.openqa.selenium.remote.codec.w3c.W3CHttpResponseCodec.decode(W3CHttpResponseCodec.java:52)
	at org.openqa.selenium.remote.HttpCommandExecutor.execute(HttpCommandExecutor.java:191)
	at org.openqa.selenium.remote.service.DriverCommandExecutor.invokeExecute(DriverCommandExecutor.java:200)
	at org.openqa.selenium.remote.service.DriverCommandExecutor.execute(DriverCommandExecutor.java:175)
	at org.openqa.selenium.remote.RemoteWebDriver.execute(RemoteWebDriver.java:607)
	at org.openqa.selenium.remote.ElementLocation$ElementFinder$2.findElement(ElementLocation.java:165)
	at org.openqa.selenium.remote.ElementLocation.findElement(ElementLocation.java:59)
	at org.openqa.selenium.remote.RemoteWebDriver.findElement(RemoteWebDriver.java:364)
	at org.openqa.selenium.remote.RemoteWebDriver.findElement(RemoteWebDriver.java:358)
	at org.openqa.selenium.support.pagefactory.DefaultElementLocator.findElement(DefaultElementLocator.java:68)
	at org.openqa.selenium.support.pagefactory.internal.LocatingElementHandler.invoke(LocatingElementHandler.java:38)
	at jdk.proxy2/jdk.proxy2.$Proxy26.isDisplayed(Unknown Source)
	at org.openqa.selenium.support.ui.ExpectedConditions.elementIfVisible(ExpectedConditions.java:304)
	at org.openqa.selenium.support.ui.ExpectedConditions$10.apply(ExpectedConditions.java:290)
	at org.openqa.selenium.support.ui.ExpectedConditions$10.apply(ExpectedConditions.java:287)
	at org.openqa.selenium.support.ui.FluentWait.until(FluentWait.java:204)
	at app.binar.keyword.wait_element_to_be_displayed(keyword.java:53)
	at app.binar.keyword.tapElement(keyword.java:24)
	at app.binar.pages.homePage.TapAddToCart(homePage.java:88)
	at app.binar.steps.checkoutStep.user_click_Add_To_Cart(checkoutStep.java:14)
	at java.base/jdk.internal.reflect.DirectMethodHandleAccessor.invoke(DirectMethodHandleAccessor.java:104)
	at java.base/java.lang.reflect.Method.invoke(Method.java:578)
	at io.cucumber.java.Invoker.doInvoke(Invoker.java:66)
	at io.cucumber.java.Invoker.invoke(Invoker.java:24)
	at io.cucumber.java.AbstractGlueDefinition.invokeMethod(AbstractGlueDefinition.java:47)
	at io.cucumber.java.JavaStepDefinition.execute(JavaStepDefinition.java:29)
	at io.cucumber.core.runner.CoreStepDefinition.execute(CoreStepDefinition.java:66)
	at io.cucumber.core.runner.PickleStepDefinitionMatch.runStep(PickleStepDefinitionMatch.java:63)
	at io.cucumber.core.runner.ExecutionMode$1.execute(ExecutionMode.java:10)
	at io.cucumber.core.runner.TestStep.executeStep(TestStep.java:84)
	at io.cucumber.core.runner.TestStep.run(TestStep.java:56)
	at io.cucumber.core.runner.PickleStepTestStep.run(PickleStepTestStep.java:51)
	at io.cucumber.core.runner.TestCase.run(TestCase.java:84)
	at io.cucumber.core.runner.Runner.runPickle(Runner.java:75)
	at io.cucumber.testng.TestNGCucumberRunner.lambda$runScenario$1(TestNGCucumberRunner.java:132)
	at io.cucumber.core.runtime.CucumberExecutionContext.lambda$runTestCase$5(CucumberExecutionContext.java:137)
	at io.cucumber.core.runtime.RethrowingThrowableCollector.executeAndThrow(RethrowingThrowableCollector.java:23)
	at io.cucumber.core.runtime.CucumberExecutionContext.runTestCase(CucumberExecutionContext.java:137)
	at io.cucumber.testng.TestNGCucumberRunner.runScenario(TestNGCucumberRunner.java:129)
	at io.cucumber.testng.AbstractTestNGCucumberTests.runScenario(AbstractTestNGCucumberTests.java:35)
	at java.base/jdk.internal.reflect.DirectMethodHandleAccessor.invoke(DirectMethodHandleAccessor.java:104)
	at java.base/java.lang.reflect.Method.invoke(Method.java:578)
	at org.testng.internal.invokers.MethodInvocationHelper.invokeMethod(MethodInvocationHelper.java:139)
	at org.testng.internal.invokers.TestInvoker.invokeMethod(TestInvoker.java:664)
	at org.testng.internal.invokers.TestInvoker.invokeTestMethod(TestInvoker.java:227)
	at org.testng.internal.invokers.MethodRunner.runInSequence(MethodRunner.java:50)
	at org.testng.internal.invokers.TestInvoker$MethodInvocationAgent.invoke(TestInvoker.java:957)
	at org.testng.internal.invokers.TestInvoker.invokeTestMethods(TestInvoker.java:200)
	at org.testng.internal.invokers.TestMethodWorker.invokeTestMethods(TestMethodWorker.java:148)
	at org.testng.internal.invokers.TestMethodWorker.run(TestMethodWorker.java:128)
	at java.base/java.util.concurrent.ThreadPoolExecutor.runWorker(ThreadPoolExecutor.java:1144)
	at java.base/java.util.concurrent.ThreadPoolExecutor$Worker.run(ThreadPoolExecutor.java:642)
	at java.base/java.lang.Thread.run(Thread.java:1623)

  And user do checkout                                                                # app.binar.steps.checkoutStep.user_do_checkout()
  Then verify checkout successfully                                                   # app.binar.steps.checkoutStep.verify_checkout_successfully()
  And user take screenshot "user-checkout-successfully"                               # app.binar.steps.commonStep.userTakeScreenshot(java.lang.String)
]]></system-out>
    <system-err><![CDATA[[TestNG-test=test-1] WARN io.github.bonigarcia.wdm.WebDriverManager - Exception deleting driver cache at C:\Users\Lenovo\.cache\selenium
org.apache.commons.io.IOExceptionList: 1 exception(s): [org.apache.commons.io.IOIndexedException: IOException #0: Cannot delete file: C:\Users\Lenovo\.cache\selenium\chromedriver]
	at org.apache.commons.io.IOExceptionList.checkEmpty(IOExceptionList.java:49)
	at org.apache.commons.io.function.IOStream.forAll(IOStream.java:352)
	at org.apache.commons.io.function.IOStreams.forAll(IOStreams.java:42)
	at org.apache.commons.io.function.IOStreams.forAll(IOStreams.java:36)
	at org.apache.commons.io.function.IOConsumer.forAll(IOConsumer.java:80)
	at org.apache.commons.io.FileUtils.cleanDirectory(FileUtils.java:333)
	at io.github.bonigarcia.wdm.WebDriverManager.clearDriverCache(WebDriverManager.java:830)
	at app.binar.browserFactory.launchBrowser(browserFactory.java:16)
	at app.binar.runners.testRunner.setupBrowser(testRunner.java:33)
	at java.base/jdk.internal.reflect.DirectMethodHandleAccessor.invoke(DirectMethodHandleAccessor.java:104)
	at java.base/java.lang.reflect.Method.invoke(Method.java:578)
	at org.testng.internal.invokers.MethodInvocationHelper.invokeMethod(MethodInvocationHelper.java:139)
	at org.testng.internal.invokers.MethodInvocationHelper.invokeMethodConsideringTimeout(MethodInvocationHelper.java:69)
	at org.testng.internal.invokers.ConfigInvoker.invokeConfigurationMethod(ConfigInvoker.java:390)
	at org.testng.internal.invokers.ConfigInvoker.invokeConfigurations(ConfigInvoker.java:325)
	at org.testng.internal.invokers.TestInvoker.runConfigMethods(TestInvoker.java:810)
	at org.testng.internal.invokers.TestInvoker.invokeMethod(TestInvoker.java:577)
	at org.testng.internal.invokers.TestInvoker.invokeTestMethod(TestInvoker.java:227)
	at org.testng.internal.invokers.MethodRunner.runInSequence(MethodRunner.java:50)
	at org.testng.internal.invokers.TestInvoker$MethodInvocationAgent.invoke(TestInvoker.java:957)
	at org.testng.internal.invokers.TestInvoker.invokeTestMethods(TestInvoker.java:200)
	at org.testng.internal.invokers.TestMethodWorker.invokeTestMethods(TestMethodWorker.java:148)
	at org.testng.internal.invokers.TestMethodWorker.run(TestMethodWorker.java:128)
	at java.base/java.util.concurrent.ThreadPoolExecutor.runWorker(ThreadPoolExecutor.java:1144)
	at java.base/java.util.concurrent.ThreadPoolExecutor$Worker.run(ThreadPoolExecutor.java:642)
	at java.base/java.lang.Thread.run(Thread.java:1623)
Caused by: org.apache.commons.io.IOIndexedException: IOException #0: Cannot delete file: C:\Users\Lenovo\.cache\selenium\chromedriver
	at org.apache.commons.io.function.IOStream.lambda$forAll$11(IOStream.java:347)
	at java.base/java.util.Spliterators$ArraySpliterator.forEachRemaining(Spliterators.java:1006)
	at java.base/java.util.stream.ReferencePipeline$Head.forEach(ReferencePipeline.java:762)
	at org.apache.commons.io.function.IOStream.forAll(IOStream.java:338)
	... 24 more
Caused by: java.io.IOException: Cannot delete file: C:\Users\Lenovo\.cache\selenium\chromedriver
	at org.apache.commons.io.FileUtils.forceDelete(FileUtils.java:1340)
	at org.apache.commons.io.function.IOStream.lambda$forAll$11(IOStream.java:340)
	... 27 more
Caused by: java.nio.file.AccessDeniedException: C:\Users\Lenovo\.cache\selenium\chromedriver\win64\120.0.6099.71\chromedriver.exe
	at java.base/sun.nio.fs.WindowsException.translateToIOException(WindowsException.java:89)
	at java.base/sun.nio.fs.WindowsException.rethrowAsIOException(WindowsException.java:103)
	at java.base/sun.nio.fs.WindowsException.rethrowAsIOException(WindowsException.java:108)
	at java.base/sun.nio.fs.WindowsFileSystemProvider.implDelete(WindowsFileSystemProvider.java:273)
	at java.base/sun.nio.fs.AbstractFileSystemProvider.deleteIfExists(AbstractFileSystemProvider.java:109)
	at java.base/java.nio.file.Files.deleteIfExists(Files.java:1190)
	at org.apache.commons.io.file.DeletingPathVisitor.visitFile(DeletingPathVisitor.java:159)
	at org.apache.commons.io.file.DeletingPathVisitor.visitFile(DeletingPathVisitor.java:37)
	at java.base/java.nio.file.Files.walkFileTree(Files.java:2781)
	at java.base/java.nio.file.Files.walkFileTree(Files.java:2852)
	at org.apache.commons.io.file.PathUtils.visitFileTree(PathUtils.java:1654)
	at org.apache.commons.io.file.PathUtils.deleteDirectory(PathUtils.java:517)
	at org.apache.commons.io.file.PathUtils.delete(PathUtils.java:476)
	at org.apache.commons.io.FileUtils.forceDelete(FileUtils.java:1337)
	... 28 more
[TestNG-test=test-1] INFO io.github.bonigarcia.wdm.WebDriverManager - Using chromedriver 120.0.6099.71 (resolved driver for Chrome 120)
[TestNG-test=test-1] INFO io.github.bonigarcia.wdm.WebDriverManager - Exporting webdriver.chrome.driver as C:\Users\Lenovo\.cache\selenium\chromedriver\win64\120.0.6099.71\chromedriver.exe
[TestNG-test=test-1] INFO io.github.bonigarcia.wdm.cache.ResolutionCache - Clearing WebDriverManager resolution cache
[TestNG-test=test-1] INFO io.github.bonigarcia.wdm.WebDriverManager - Using chromedriver 120.0.6099.71 (resolved driver for Chrome 120)
[TestNG-test=test-1] INFO io.github.bonigarcia.wdm.WebDriverManager - Exporting webdriver.chrome.driver as C:\Users\Lenovo\.cache\selenium\chromedriver\win64\120.0.6099.71\chromedriver.exe
Des 09, 2023 6:56:49 PM org.openqa.selenium.devtools.CdpVersionFinder findNearestMatch
WARNING: Unable to find an exact match for CDP version 120, returning the closest version; found: 119; Please update to a Selenium version that supports CDP version 120
]]></system-err>
  </testcase>
  <testcase name="runScenario[&quot;As a user, I should be able to log in using valid username and valid password&quot;, &quot;Login&quot;](2)" classname="app.binar.runners.testRunner" time="1.119">
    <system-out><![CDATA[
@login @login
Scenario Outline: As a user, I should be able to log in using valid username and valid password # src/test/java/app/binar/features/login.feature:13
  Given user should be open "https://www.saucedemo.com/" in web browser                         # app.binar.steps.commonStep.navigateToUrl(java.lang.String)
  When user input valid username "standard_user" and valid password "secret_sauce"              # app.binar.steps.loginStep.loginAsValidPassword(java.lang.String,java.lang.String)
  Then user direct to home page                                                                 # app.binar.steps.loginStep.userDirectToHomePage()
  And user take screenshot "user-login-successfully"                                            # app.binar.steps.commonStep.userTakeScreenshot(java.lang.String)
]]></system-out>
    <system-err><![CDATA[[TestNG-test=test-1] WARN io.github.bonigarcia.wdm.WebDriverManager - Exception deleting driver cache at C:\Users\Lenovo\.cache\selenium
org.apache.commons.io.IOExceptionList: 1 exception(s): [org.apache.commons.io.IOIndexedException: IOException #0: Cannot delete file: C:\Users\Lenovo\.cache\selenium\chromedriver]
	at org.apache.commons.io.IOExceptionList.checkEmpty(IOExceptionList.java:49)
	at org.apache.commons.io.function.IOStream.forAll(IOStream.java:352)
	at org.apache.commons.io.function.IOStreams.forAll(IOStreams.java:42)
	at org.apache.commons.io.function.IOStreams.forAll(IOStreams.java:36)
	at org.apache.commons.io.function.IOConsumer.forAll(IOConsumer.java:80)
	at org.apache.commons.io.FileUtils.cleanDirectory(FileUtils.java:333)
	at io.github.bonigarcia.wdm.WebDriverManager.clearDriverCache(WebDriverManager.java:830)
	at app.binar.browserFactory.launchBrowser(browserFactory.java:16)
	at app.binar.runners.testRunner.setupBrowser(testRunner.java:33)
	at java.base/jdk.internal.reflect.DirectMethodHandleAccessor.invoke(DirectMethodHandleAccessor.java:104)
	at java.base/java.lang.reflect.Method.invoke(Method.java:578)
	at org.testng.internal.invokers.MethodInvocationHelper.invokeMethod(MethodInvocationHelper.java:139)
	at org.testng.internal.invokers.MethodInvocationHelper.invokeMethodConsideringTimeout(MethodInvocationHelper.java:69)
	at org.testng.internal.invokers.ConfigInvoker.invokeConfigurationMethod(ConfigInvoker.java:390)
	at org.testng.internal.invokers.ConfigInvoker.invokeConfigurations(ConfigInvoker.java:325)
	at org.testng.internal.invokers.TestInvoker.runConfigMethods(TestInvoker.java:810)
	at org.testng.internal.invokers.TestInvoker.invokeMethod(TestInvoker.java:577)
	at org.testng.internal.invokers.TestInvoker.invokeTestMethod(TestInvoker.java:227)
	at org.testng.internal.invokers.MethodRunner.runInSequence(MethodRunner.java:50)
	at org.testng.internal.invokers.TestInvoker$MethodInvocationAgent.invoke(TestInvoker.java:957)
	at org.testng.internal.invokers.TestInvoker.invokeTestMethods(TestInvoker.java:200)
	at org.testng.internal.invokers.TestMethodWorker.invokeTestMethods(TestMethodWorker.java:148)
	at org.testng.internal.invokers.TestMethodWorker.run(TestMethodWorker.java:128)
	at java.base/java.util.concurrent.ThreadPoolExecutor.runWorker(ThreadPoolExecutor.java:1144)
	at java.base/java.util.concurrent.ThreadPoolExecutor$Worker.run(ThreadPoolExecutor.java:642)
	at java.base/java.lang.Thread.run(Thread.java:1623)
Caused by: org.apache.commons.io.IOIndexedException: IOException #0: Cannot delete file: C:\Users\Lenovo\.cache\selenium\chromedriver
	at org.apache.commons.io.function.IOStream.lambda$forAll$11(IOStream.java:347)
	at java.base/java.util.Spliterators$ArraySpliterator.forEachRemaining(Spliterators.java:1006)
	at java.base/java.util.stream.ReferencePipeline$Head.forEach(ReferencePipeline.java:762)
	at org.apache.commons.io.function.IOStream.forAll(IOStream.java:338)
	... 24 more
Caused by: java.io.IOException: Cannot delete file: C:\Users\Lenovo\.cache\selenium\chromedriver
	at org.apache.commons.io.FileUtils.forceDelete(FileUtils.java:1340)
	at org.apache.commons.io.function.IOStream.lambda$forAll$11(IOStream.java:340)
	... 27 more
Caused by: java.nio.file.AccessDeniedException: C:\Users\Lenovo\.cache\selenium\chromedriver\win64\120.0.6099.71\chromedriver.exe
	at java.base/sun.nio.fs.WindowsException.translateToIOException(WindowsException.java:89)
	at java.base/sun.nio.fs.WindowsException.rethrowAsIOException(WindowsException.java:103)
	at java.base/sun.nio.fs.WindowsException.rethrowAsIOException(WindowsException.java:108)
	at java.base/sun.nio.fs.WindowsFileSystemProvider.implDelete(WindowsFileSystemProvider.java:273)
	at java.base/sun.nio.fs.AbstractFileSystemProvider.deleteIfExists(AbstractFileSystemProvider.java:109)
	at java.base/java.nio.file.Files.deleteIfExists(Files.java:1190)
	at org.apache.commons.io.file.DeletingPathVisitor.visitFile(DeletingPathVisitor.java:159)
	at org.apache.commons.io.file.DeletingPathVisitor.visitFile(DeletingPathVisitor.java:37)
	at java.base/java.nio.file.Files.walkFileTree(Files.java:2781)
	at java.base/java.nio.file.Files.walkFileTree(Files.java:2852)
	at org.apache.commons.io.file.PathUtils.visitFileTree(PathUtils.java:1654)
	at org.apache.commons.io.file.PathUtils.deleteDirectory(PathUtils.java:517)
	at org.apache.commons.io.file.PathUtils.delete(PathUtils.java:476)
	at org.apache.commons.io.FileUtils.forceDelete(FileUtils.java:1337)
	... 28 more
[TestNG-test=test-1] INFO io.github.bonigarcia.wdm.WebDriverManager - Using chromedriver 120.0.6099.71 (resolved driver for Chrome 120)
[TestNG-test=test-1] INFO io.github.bonigarcia.wdm.WebDriverManager - Exporting webdriver.chrome.driver as C:\Users\Lenovo\.cache\selenium\chromedriver\win64\120.0.6099.71\chromedriver.exe
[TestNG-test=test-1] INFO io.github.bonigarcia.wdm.cache.ResolutionCache - Clearing WebDriverManager resolution cache
[TestNG-test=test-1] INFO io.github.bonigarcia.wdm.WebDriverManager - Using chromedriver 120.0.6099.71 (resolved driver for Chrome 120)
[TestNG-test=test-1] INFO io.github.bonigarcia.wdm.WebDriverManager - Exporting webdriver.chrome.driver as C:\Users\Lenovo\.cache\selenium\chromedriver\win64\120.0.6099.71\chromedriver.exe
Des 09, 2023 6:57:53 PM org.openqa.selenium.devtools.CdpVersionFinder findNearestMatch
WARNING: Unable to find an exact match for CDP version 120, returning the closest version; found: 119; Please update to a Selenium version that supports CDP version 120
]]></system-err>
  </testcase>
  <testcase name="runScenario[&quot;As a user, I should be able to log in using valid username and valid password&quot;, &quot;Login&quot;](3)" classname="app.binar.runners.testRunner" time="1.123">
    <system-out><![CDATA[
@login @login
Scenario Outline: As a user, I should be able to log in using valid username and valid password # src/test/java/app/binar/features/login.feature:14
  Given user should be open "https://www.saucedemo.com/" in web browser                         # app.binar.steps.commonStep.navigateToUrl(java.lang.String)
  When user input valid username "problem_user" and valid password "secret_sauce"               # app.binar.steps.loginStep.loginAsValidPassword(java.lang.String,java.lang.String)
  Then user direct to home page                                                                 # app.binar.steps.loginStep.userDirectToHomePage()
  And user take screenshot "user-login-successfully"                                            # app.binar.steps.commonStep.userTakeScreenshot(java.lang.String)
]]></system-out>
    <system-err><![CDATA[[TestNG-test=test-1] WARN io.github.bonigarcia.wdm.WebDriverManager - Exception deleting driver cache at C:\Users\Lenovo\.cache\selenium
org.apache.commons.io.IOExceptionList: 1 exception(s): [org.apache.commons.io.IOIndexedException: IOException #0: Cannot delete file: C:\Users\Lenovo\.cache\selenium\chromedriver]
	at org.apache.commons.io.IOExceptionList.checkEmpty(IOExceptionList.java:49)
	at org.apache.commons.io.function.IOStream.forAll(IOStream.java:352)
	at org.apache.commons.io.function.IOStreams.forAll(IOStreams.java:42)
	at org.apache.commons.io.function.IOStreams.forAll(IOStreams.java:36)
	at org.apache.commons.io.function.IOConsumer.forAll(IOConsumer.java:80)
	at org.apache.commons.io.FileUtils.cleanDirectory(FileUtils.java:333)
	at io.github.bonigarcia.wdm.WebDriverManager.clearDriverCache(WebDriverManager.java:830)
	at app.binar.browserFactory.launchBrowser(browserFactory.java:16)
	at app.binar.runners.testRunner.setupBrowser(testRunner.java:33)
	at java.base/jdk.internal.reflect.DirectMethodHandleAccessor.invoke(DirectMethodHandleAccessor.java:104)
	at java.base/java.lang.reflect.Method.invoke(Method.java:578)
	at org.testng.internal.invokers.MethodInvocationHelper.invokeMethod(MethodInvocationHelper.java:139)
	at org.testng.internal.invokers.MethodInvocationHelper.invokeMethodConsideringTimeout(MethodInvocationHelper.java:69)
	at org.testng.internal.invokers.ConfigInvoker.invokeConfigurationMethod(ConfigInvoker.java:390)
	at org.testng.internal.invokers.ConfigInvoker.invokeConfigurations(ConfigInvoker.java:325)
	at org.testng.internal.invokers.TestInvoker.runConfigMethods(TestInvoker.java:810)
	at org.testng.internal.invokers.TestInvoker.invokeMethod(TestInvoker.java:577)
	at org.testng.internal.invokers.TestInvoker.invokeTestMethod(TestInvoker.java:227)
	at org.testng.internal.invokers.MethodRunner.runInSequence(MethodRunner.java:50)
	at org.testng.internal.invokers.TestInvoker$MethodInvocationAgent.invoke(TestInvoker.java:957)
	at org.testng.internal.invokers.TestInvoker.invokeTestMethods(TestInvoker.java:200)
	at org.testng.internal.invokers.TestMethodWorker.invokeTestMethods(TestMethodWorker.java:148)
	at org.testng.internal.invokers.TestMethodWorker.run(TestMethodWorker.java:128)
	at java.base/java.util.concurrent.ThreadPoolExecutor.runWorker(ThreadPoolExecutor.java:1144)
	at java.base/java.util.concurrent.ThreadPoolExecutor$Worker.run(ThreadPoolExecutor.java:642)
	at java.base/java.lang.Thread.run(Thread.java:1623)
Caused by: org.apache.commons.io.IOIndexedException: IOException #0: Cannot delete file: C:\Users\Lenovo\.cache\selenium\chromedriver
	at org.apache.commons.io.function.IOStream.lambda$forAll$11(IOStream.java:347)
	at java.base/java.util.Spliterators$ArraySpliterator.forEachRemaining(Spliterators.java:1006)
	at java.base/java.util.stream.ReferencePipeline$Head.forEach(ReferencePipeline.java:762)
	at org.apache.commons.io.function.IOStream.forAll(IOStream.java:338)
	... 24 more
Caused by: java.io.IOException: Cannot delete file: C:\Users\Lenovo\.cache\selenium\chromedriver
	at org.apache.commons.io.FileUtils.forceDelete(FileUtils.java:1340)
	at org.apache.commons.io.function.IOStream.lambda$forAll$11(IOStream.java:340)
	... 27 more
Caused by: java.nio.file.AccessDeniedException: C:\Users\Lenovo\.cache\selenium\chromedriver\win64\120.0.6099.71\chromedriver.exe
	at java.base/sun.nio.fs.WindowsException.translateToIOException(WindowsException.java:89)
	at java.base/sun.nio.fs.WindowsException.rethrowAsIOException(WindowsException.java:103)
	at java.base/sun.nio.fs.WindowsException.rethrowAsIOException(WindowsException.java:108)
	at java.base/sun.nio.fs.WindowsFileSystemProvider.implDelete(WindowsFileSystemProvider.java:273)
	at java.base/sun.nio.fs.AbstractFileSystemProvider.deleteIfExists(AbstractFileSystemProvider.java:109)
	at java.base/java.nio.file.Files.deleteIfExists(Files.java:1190)
	at org.apache.commons.io.file.DeletingPathVisitor.visitFile(DeletingPathVisitor.java:159)
	at org.apache.commons.io.file.DeletingPathVisitor.visitFile(DeletingPathVisitor.java:37)
	at java.base/java.nio.file.Files.walkFileTree(Files.java:2781)
	at java.base/java.nio.file.Files.walkFileTree(Files.java:2852)
	at org.apache.commons.io.file.PathUtils.visitFileTree(PathUtils.java:1654)
	at org.apache.commons.io.file.PathUtils.deleteDirectory(PathUtils.java:517)
	at org.apache.commons.io.file.PathUtils.delete(PathUtils.java:476)
	at org.apache.commons.io.FileUtils.forceDelete(FileUtils.java:1337)
	... 28 more
[TestNG-test=test-1] INFO io.github.bonigarcia.wdm.WebDriverManager - Using chromedriver 120.0.6099.71 (resolved driver for Chrome 120)
[TestNG-test=test-1] INFO io.github.bonigarcia.wdm.WebDriverManager - Exporting webdriver.chrome.driver as C:\Users\Lenovo\.cache\selenium\chromedriver\win64\120.0.6099.71\chromedriver.exe
[TestNG-test=test-1] INFO io.github.bonigarcia.wdm.cache.ResolutionCache - Clearing WebDriverManager resolution cache
[TestNG-test=test-1] INFO io.github.bonigarcia.wdm.WebDriverManager - Using chromedriver 120.0.6099.71 (resolved driver for Chrome 120)
[TestNG-test=test-1] INFO io.github.bonigarcia.wdm.WebDriverManager - Exporting webdriver.chrome.driver as C:\Users\Lenovo\.cache\selenium\chromedriver\win64\120.0.6099.71\chromedriver.exe
Des 09, 2023 6:57:57 PM org.openqa.selenium.devtools.CdpVersionFinder findNearestMatch
WARNING: Unable to find an exact match for CDP version 120, returning the closest version; found: 119; Please update to a Selenium version that supports CDP version 120
]]></system-err>
  </testcase>
  <testcase name="runScenario[&quot;As a user, I should be able to log in using valid username and valid password&quot;, &quot;Login&quot;](4)" classname="app.binar.runners.testRunner" time="6.115">
    <system-out><![CDATA[
@login @login
Scenario Outline: As a user, I should be able to log in using valid username and valid password # src/test/java/app/binar/features/login.feature:15
  Given user should be open "https://www.saucedemo.com/" in web browser                         # app.binar.steps.commonStep.navigateToUrl(java.lang.String)
  When user input valid username "performance_glitch_user" and valid password "secret_sauce"    # app.binar.steps.loginStep.loginAsValidPassword(java.lang.String,java.lang.String)
  Then user direct to home page                                                                 # app.binar.steps.loginStep.userDirectToHomePage()
  And user take screenshot "user-login-successfully"                                            # app.binar.steps.commonStep.userTakeScreenshot(java.lang.String)
]]></system-out>
    <system-err><![CDATA[Des 09, 2023 6:57:58 PM org.openqa.selenium.remote.http.WebSocket$Listener onError
WARNING: Connection reset
java.net.SocketException: Connection reset
	at java.base/sun.nio.ch.SocketChannelImpl.throwConnectionReset(SocketChannelImpl.java:401)
	at java.base/sun.nio.ch.SocketChannelImpl.read(SocketChannelImpl.java:434)
	at java.net.http/jdk.internal.net.http.SocketTube.readAvailable(SocketTube.java:1178)
	at java.net.http/jdk.internal.net.http.SocketTube$InternalReadPublisher$InternalReadSubscription.read(SocketTube.java:841)
	at java.net.http/jdk.internal.net.http.SocketTube$SocketFlowTask.run(SocketTube.java:181)
	at java.net.http/jdk.internal.net.http.common.SequentialScheduler$SchedulableTask.run(SequentialScheduler.java:230)
	at java.net.http/jdk.internal.net.http.common.SequentialScheduler.runOrSchedule(SequentialScheduler.java:303)
	at java.net.http/jdk.internal.net.http.common.SequentialScheduler.runOrSchedule(SequentialScheduler.java:256)
	at java.net.http/jdk.internal.net.http.SocketTube$InternalReadPublisher$InternalReadSubscription.signalReadable(SocketTube.java:782)
	at java.net.http/jdk.internal.net.http.SocketTube$InternalReadPublisher$ReadEvent.signalEvent(SocketTube.java:965)
	at java.net.http/jdk.internal.net.http.SocketTube$SocketFlowEvent.handle(SocketTube.java:253)
	at java.net.http/jdk.internal.net.http.HttpClientImpl$SelectorManager.handleEvent(HttpClientImpl.java:1390)
	at java.net.http/jdk.internal.net.http.HttpClientImpl$SelectorManager.lambda$run$3(HttpClientImpl.java:1335)
	at java.base/java.util.ArrayList.forEach(ArrayList.java:1511)
	at java.net.http/jdk.internal.net.http.HttpClientImpl$SelectorManager.run(HttpClientImpl.java:1335)

[TestNG-test=test-1] WARN io.github.bonigarcia.wdm.WebDriverManager - Exception deleting driver cache at C:\Users\Lenovo\.cache\selenium
org.apache.commons.io.IOExceptionList: 1 exception(s): [org.apache.commons.io.IOIndexedException: IOException #0: Cannot delete file: C:\Users\Lenovo\.cache\selenium\chromedriver]
	at org.apache.commons.io.IOExceptionList.checkEmpty(IOExceptionList.java:49)
	at org.apache.commons.io.function.IOStream.forAll(IOStream.java:352)
	at org.apache.commons.io.function.IOStreams.forAll(IOStreams.java:42)
	at org.apache.commons.io.function.IOStreams.forAll(IOStreams.java:36)
	at org.apache.commons.io.function.IOConsumer.forAll(IOConsumer.java:80)
	at org.apache.commons.io.FileUtils.cleanDirectory(FileUtils.java:333)
	at io.github.bonigarcia.wdm.WebDriverManager.clearDriverCache(WebDriverManager.java:830)
	at app.binar.browserFactory.launchBrowser(browserFactory.java:16)
	at app.binar.runners.testRunner.setupBrowser(testRunner.java:33)
	at java.base/jdk.internal.reflect.DirectMethodHandleAccessor.invoke(DirectMethodHandleAccessor.java:104)
	at java.base/java.lang.reflect.Method.invoke(Method.java:578)
	at org.testng.internal.invokers.MethodInvocationHelper.invokeMethod(MethodInvocationHelper.java:139)
	at org.testng.internal.invokers.MethodInvocationHelper.invokeMethodConsideringTimeout(MethodInvocationHelper.java:69)
	at org.testng.internal.invokers.ConfigInvoker.invokeConfigurationMethod(ConfigInvoker.java:390)
	at org.testng.internal.invokers.ConfigInvoker.invokeConfigurations(ConfigInvoker.java:325)
	at org.testng.internal.invokers.TestInvoker.runConfigMethods(TestInvoker.java:810)
	at org.testng.internal.invokers.TestInvoker.invokeMethod(TestInvoker.java:577)
	at org.testng.internal.invokers.TestInvoker.invokeTestMethod(TestInvoker.java:227)
	at org.testng.internal.invokers.MethodRunner.runInSequence(MethodRunner.java:50)
	at org.testng.internal.invokers.TestInvoker$MethodInvocationAgent.invoke(TestInvoker.java:957)
	at org.testng.internal.invokers.TestInvoker.invokeTestMethods(TestInvoker.java:200)
	at org.testng.internal.invokers.TestMethodWorker.invokeTestMethods(TestMethodWorker.java:148)
	at org.testng.internal.invokers.TestMethodWorker.run(TestMethodWorker.java:128)
	at java.base/java.util.concurrent.ThreadPoolExecutor.runWorker(ThreadPoolExecutor.java:1144)
	at java.base/java.util.concurrent.ThreadPoolExecutor$Worker.run(ThreadPoolExecutor.java:642)
	at java.base/java.lang.Thread.run(Thread.java:1623)
Caused by: org.apache.commons.io.IOIndexedException: IOException #0: Cannot delete file: C:\Users\Lenovo\.cache\selenium\chromedriver
	at org.apache.commons.io.function.IOStream.lambda$forAll$11(IOStream.java:347)
	at java.base/java.util.Spliterators$ArraySpliterator.forEachRemaining(Spliterators.java:1006)
	at java.base/java.util.stream.ReferencePipeline$Head.forEach(ReferencePipeline.java:762)
	at org.apache.commons.io.function.IOStream.forAll(IOStream.java:338)
	... 24 more
Caused by: java.io.IOException: Cannot delete file: C:\Users\Lenovo\.cache\selenium\chromedriver
	at org.apache.commons.io.FileUtils.forceDelete(FileUtils.java:1340)
	at org.apache.commons.io.function.IOStream.lambda$forAll$11(IOStream.java:340)
	... 27 more
Caused by: java.nio.file.AccessDeniedException: C:\Users\Lenovo\.cache\selenium\chromedriver\win64\120.0.6099.71\chromedriver.exe
	at java.base/sun.nio.fs.WindowsException.translateToIOException(WindowsException.java:89)
	at java.base/sun.nio.fs.WindowsException.rethrowAsIOException(WindowsException.java:103)
	at java.base/sun.nio.fs.WindowsException.rethrowAsIOException(WindowsException.java:108)
	at java.base/sun.nio.fs.WindowsFileSystemProvider.implDelete(WindowsFileSystemProvider.java:273)
	at java.base/sun.nio.fs.AbstractFileSystemProvider.deleteIfExists(AbstractFileSystemProvider.java:109)
	at java.base/java.nio.file.Files.deleteIfExists(Files.java:1190)
	at org.apache.commons.io.file.DeletingPathVisitor.visitFile(DeletingPathVisitor.java:159)
	at org.apache.commons.io.file.DeletingPathVisitor.visitFile(DeletingPathVisitor.java:37)
	at java.base/java.nio.file.Files.walkFileTree(Files.java:2781)
	at java.base/java.nio.file.Files.walkFileTree(Files.java:2852)
	at org.apache.commons.io.file.PathUtils.visitFileTree(PathUtils.java:1654)
	at org.apache.commons.io.file.PathUtils.deleteDirectory(PathUtils.java:517)
	at org.apache.commons.io.file.PathUtils.delete(PathUtils.java:476)
	at org.apache.commons.io.FileUtils.forceDelete(FileUtils.java:1337)
	... 28 more
[TestNG-test=test-1] INFO io.github.bonigarcia.wdm.WebDriverManager - Using chromedriver 120.0.6099.71 (resolved driver for Chrome 120)
[TestNG-test=test-1] INFO io.github.bonigarcia.wdm.WebDriverManager - Exporting webdriver.chrome.driver as C:\Users\Lenovo\.cache\selenium\chromedriver\win64\120.0.6099.71\chromedriver.exe
[TestNG-test=test-1] INFO io.github.bonigarcia.wdm.cache.ResolutionCache - Clearing WebDriverManager resolution cache
[TestNG-test=test-1] INFO io.github.bonigarcia.wdm.WebDriverManager - Using chromedriver 120.0.6099.71 (resolved driver for Chrome 120)
[TestNG-test=test-1] INFO io.github.bonigarcia.wdm.WebDriverManager - Exporting webdriver.chrome.driver as C:\Users\Lenovo\.cache\selenium\chromedriver\win64\120.0.6099.71\chromedriver.exe
Des 09, 2023 6:58:00 PM org.openqa.selenium.devtools.CdpVersionFinder findNearestMatch
WARNING: Unable to find an exact match for CDP version 120, returning the closest version; found: 119; Please update to a Selenium version that supports CDP version 120
]]></system-err>
  </testcase>
  <testcase name="runScenario[&quot;As a user, I should not be able to log in using valid username and invalid password&quot;, &quot;Login&quot;](5)" classname="app.binar.runners.testRunner" time="1.221">
    <system-out><![CDATA[
@login @login
Scenario Outline: As a user, I should not be able to log in using valid username and invalid password           # src/test/java/app/binar/features/login.feature:27
  Given user should be open "https://www.saucedemo.com/" in web browser                                         # app.binar.steps.commonStep.navigateToUrl(java.lang.String)
  When user input valid username "standard_user" and invalid password "fake_sauce:p"                            # app.binar.steps.loginStep.loginAsInvalidPassword(java.lang.String,java.lang.String)
  Then error alert exist with value "Epic sadface: Username and password do not match any user in this service" # app.binar.steps.loginStep.errorAlertExist(java.lang.String)
  And user take screenshot "user-login-successfully"                                                            # app.binar.steps.commonStep.userTakeScreenshot(java.lang.String)
]]></system-out>
    <system-err><![CDATA[[TestNG-test=test-1] WARN io.github.bonigarcia.wdm.WebDriverManager - Exception deleting driver cache at C:\Users\Lenovo\.cache\selenium
org.apache.commons.io.IOExceptionList: 1 exception(s): [org.apache.commons.io.IOIndexedException: IOException #0: Cannot delete file: C:\Users\Lenovo\.cache\selenium\chromedriver]
	at org.apache.commons.io.IOExceptionList.checkEmpty(IOExceptionList.java:49)
	at org.apache.commons.io.function.IOStream.forAll(IOStream.java:352)
	at org.apache.commons.io.function.IOStreams.forAll(IOStreams.java:42)
	at org.apache.commons.io.function.IOStreams.forAll(IOStreams.java:36)
	at org.apache.commons.io.function.IOConsumer.forAll(IOConsumer.java:80)
	at org.apache.commons.io.FileUtils.cleanDirectory(FileUtils.java:333)
	at io.github.bonigarcia.wdm.WebDriverManager.clearDriverCache(WebDriverManager.java:830)
	at app.binar.browserFactory.launchBrowser(browserFactory.java:16)
	at app.binar.runners.testRunner.setupBrowser(testRunner.java:33)
	at java.base/jdk.internal.reflect.DirectMethodHandleAccessor.invoke(DirectMethodHandleAccessor.java:104)
	at java.base/java.lang.reflect.Method.invoke(Method.java:578)
	at org.testng.internal.invokers.MethodInvocationHelper.invokeMethod(MethodInvocationHelper.java:139)
	at org.testng.internal.invokers.MethodInvocationHelper.invokeMethodConsideringTimeout(MethodInvocationHelper.java:69)
	at org.testng.internal.invokers.ConfigInvoker.invokeConfigurationMethod(ConfigInvoker.java:390)
	at org.testng.internal.invokers.ConfigInvoker.invokeConfigurations(ConfigInvoker.java:325)
	at org.testng.internal.invokers.TestInvoker.runConfigMethods(TestInvoker.java:810)
	at org.testng.internal.invokers.TestInvoker.invokeMethod(TestInvoker.java:577)
	at org.testng.internal.invokers.TestInvoker.invokeTestMethod(TestInvoker.java:227)
	at org.testng.internal.invokers.MethodRunner.runInSequence(MethodRunner.java:50)
	at org.testng.internal.invokers.TestInvoker$MethodInvocationAgent.invoke(TestInvoker.java:957)
	at org.testng.internal.invokers.TestInvoker.invokeTestMethods(TestInvoker.java:200)
	at org.testng.internal.invokers.TestMethodWorker.invokeTestMethods(TestMethodWorker.java:148)
	at org.testng.internal.invokers.TestMethodWorker.run(TestMethodWorker.java:128)
	at java.base/java.util.concurrent.ThreadPoolExecutor.runWorker(ThreadPoolExecutor.java:1144)
	at java.base/java.util.concurrent.ThreadPoolExecutor$Worker.run(ThreadPoolExecutor.java:642)
	at java.base/java.lang.Thread.run(Thread.java:1623)
Caused by: org.apache.commons.io.IOIndexedException: IOException #0: Cannot delete file: C:\Users\Lenovo\.cache\selenium\chromedriver
	at org.apache.commons.io.function.IOStream.lambda$forAll$11(IOStream.java:347)
	at java.base/java.util.Spliterators$ArraySpliterator.forEachRemaining(Spliterators.java:1006)
	at java.base/java.util.stream.ReferencePipeline$Head.forEach(ReferencePipeline.java:762)
	at org.apache.commons.io.function.IOStream.forAll(IOStream.java:338)
	... 24 more
Caused by: java.io.IOException: Cannot delete file: C:\Users\Lenovo\.cache\selenium\chromedriver
	at org.apache.commons.io.FileUtils.forceDelete(FileUtils.java:1340)
	at org.apache.commons.io.function.IOStream.lambda$forAll$11(IOStream.java:340)
	... 27 more
Caused by: java.nio.file.AccessDeniedException: C:\Users\Lenovo\.cache\selenium\chromedriver\win64\120.0.6099.71\chromedriver.exe
	at java.base/sun.nio.fs.WindowsException.translateToIOException(WindowsException.java:89)
	at java.base/sun.nio.fs.WindowsException.rethrowAsIOException(WindowsException.java:103)
	at java.base/sun.nio.fs.WindowsException.rethrowAsIOException(WindowsException.java:108)
	at java.base/sun.nio.fs.WindowsFileSystemProvider.implDelete(WindowsFileSystemProvider.java:273)
	at java.base/sun.nio.fs.AbstractFileSystemProvider.deleteIfExists(AbstractFileSystemProvider.java:109)
	at java.base/java.nio.file.Files.deleteIfExists(Files.java:1190)
	at org.apache.commons.io.file.DeletingPathVisitor.visitFile(DeletingPathVisitor.java:159)
	at org.apache.commons.io.file.DeletingPathVisitor.visitFile(DeletingPathVisitor.java:37)
	at java.base/java.nio.file.Files.walkFileTree(Files.java:2781)
	at java.base/java.nio.file.Files.walkFileTree(Files.java:2852)
	at org.apache.commons.io.file.PathUtils.visitFileTree(PathUtils.java:1654)
	at org.apache.commons.io.file.PathUtils.deleteDirectory(PathUtils.java:517)
	at org.apache.commons.io.file.PathUtils.delete(PathUtils.java:476)
	at org.apache.commons.io.FileUtils.forceDelete(FileUtils.java:1337)
	... 28 more
[TestNG-test=test-1] INFO io.github.bonigarcia.wdm.WebDriverManager - Using chromedriver 120.0.6099.71 (resolved driver for Chrome 120)
[TestNG-test=test-1] INFO io.github.bonigarcia.wdm.WebDriverManager - Exporting webdriver.chrome.driver as C:\Users\Lenovo\.cache\selenium\chromedriver\win64\120.0.6099.71\chromedriver.exe
[TestNG-test=test-1] INFO io.github.bonigarcia.wdm.cache.ResolutionCache - Clearing WebDriverManager resolution cache
[TestNG-test=test-1] INFO io.github.bonigarcia.wdm.WebDriverManager - Using chromedriver 120.0.6099.71 (resolved driver for Chrome 120)
[TestNG-test=test-1] INFO io.github.bonigarcia.wdm.WebDriverManager - Exporting webdriver.chrome.driver as C:\Users\Lenovo\.cache\selenium\chromedriver\win64\120.0.6099.71\chromedriver.exe
Des 09, 2023 6:58:09 PM org.openqa.selenium.devtools.CdpVersionFinder findNearestMatch
WARNING: Unable to find an exact match for CDP version 120, returning the closest version; found: 119; Please update to a Selenium version that supports CDP version 120
]]></system-err>
  </testcase>
  <testcase name="runScenario[&quot;As a user, I should not be able to log in using valid username and invalid password&quot;, &quot;Login&quot;](6)" classname="app.binar.runners.testRunner" time="1.295">
    <system-out><![CDATA[
@login @login
Scenario Outline: As a user, I should not be able to log in using valid username and invalid password           # src/test/java/app/binar/features/login.feature:28
  Given user should be open "https://www.saucedemo.com/" in web browser                                         # app.binar.steps.commonStep.navigateToUrl(java.lang.String)
  When user input valid username "problem_user" and invalid password "fake_sauce:p"                             # app.binar.steps.loginStep.loginAsInvalidPassword(java.lang.String,java.lang.String)
  Then error alert exist with value "Epic sadface: Username and password do not match any user in this service" # app.binar.steps.loginStep.errorAlertExist(java.lang.String)
  And user take screenshot "user-login-successfully"                                                            # app.binar.steps.commonStep.userTakeScreenshot(java.lang.String)
]]></system-out>
    <system-err><![CDATA[[TestNG-test=test-1] WARN io.github.bonigarcia.wdm.WebDriverManager - Exception deleting driver cache at C:\Users\Lenovo\.cache\selenium
org.apache.commons.io.IOExceptionList: 1 exception(s): [org.apache.commons.io.IOIndexedException: IOException #0: Cannot delete file: C:\Users\Lenovo\.cache\selenium\chromedriver]
	at org.apache.commons.io.IOExceptionList.checkEmpty(IOExceptionList.java:49)
	at org.apache.commons.io.function.IOStream.forAll(IOStream.java:352)
	at org.apache.commons.io.function.IOStreams.forAll(IOStreams.java:42)
	at org.apache.commons.io.function.IOStreams.forAll(IOStreams.java:36)
	at org.apache.commons.io.function.IOConsumer.forAll(IOConsumer.java:80)
	at org.apache.commons.io.FileUtils.cleanDirectory(FileUtils.java:333)
	at io.github.bonigarcia.wdm.WebDriverManager.clearDriverCache(WebDriverManager.java:830)
	at app.binar.browserFactory.launchBrowser(browserFactory.java:16)
	at app.binar.runners.testRunner.setupBrowser(testRunner.java:33)
	at java.base/jdk.internal.reflect.DirectMethodHandleAccessor.invoke(DirectMethodHandleAccessor.java:104)
	at java.base/java.lang.reflect.Method.invoke(Method.java:578)
	at org.testng.internal.invokers.MethodInvocationHelper.invokeMethod(MethodInvocationHelper.java:139)
	at org.testng.internal.invokers.MethodInvocationHelper.invokeMethodConsideringTimeout(MethodInvocationHelper.java:69)
	at org.testng.internal.invokers.ConfigInvoker.invokeConfigurationMethod(ConfigInvoker.java:390)
	at org.testng.internal.invokers.ConfigInvoker.invokeConfigurations(ConfigInvoker.java:325)
	at org.testng.internal.invokers.TestInvoker.runConfigMethods(TestInvoker.java:810)
	at org.testng.internal.invokers.TestInvoker.invokeMethod(TestInvoker.java:577)
	at org.testng.internal.invokers.TestInvoker.invokeTestMethod(TestInvoker.java:227)
	at org.testng.internal.invokers.MethodRunner.runInSequence(MethodRunner.java:50)
	at org.testng.internal.invokers.TestInvoker$MethodInvocationAgent.invoke(TestInvoker.java:957)
	at org.testng.internal.invokers.TestInvoker.invokeTestMethods(TestInvoker.java:200)
	at org.testng.internal.invokers.TestMethodWorker.invokeTestMethods(TestMethodWorker.java:148)
	at org.testng.internal.invokers.TestMethodWorker.run(TestMethodWorker.java:128)
	at java.base/java.util.concurrent.ThreadPoolExecutor.runWorker(ThreadPoolExecutor.java:1144)
	at java.base/java.util.concurrent.ThreadPoolExecutor$Worker.run(ThreadPoolExecutor.java:642)
	at java.base/java.lang.Thread.run(Thread.java:1623)
Caused by: org.apache.commons.io.IOIndexedException: IOException #0: Cannot delete file: C:\Users\Lenovo\.cache\selenium\chromedriver
	at org.apache.commons.io.function.IOStream.lambda$forAll$11(IOStream.java:347)
	at java.base/java.util.Spliterators$ArraySpliterator.forEachRemaining(Spliterators.java:1006)
	at java.base/java.util.stream.ReferencePipeline$Head.forEach(ReferencePipeline.java:762)
	at org.apache.commons.io.function.IOStream.forAll(IOStream.java:338)
	... 24 more
Caused by: java.io.IOException: Cannot delete file: C:\Users\Lenovo\.cache\selenium\chromedriver
	at org.apache.commons.io.FileUtils.forceDelete(FileUtils.java:1340)
	at org.apache.commons.io.function.IOStream.lambda$forAll$11(IOStream.java:340)
	... 27 more
Caused by: java.nio.file.AccessDeniedException: C:\Users\Lenovo\.cache\selenium\chromedriver\win64\120.0.6099.71\chromedriver.exe
	at java.base/sun.nio.fs.WindowsException.translateToIOException(WindowsException.java:89)
	at java.base/sun.nio.fs.WindowsException.rethrowAsIOException(WindowsException.java:103)
	at java.base/sun.nio.fs.WindowsException.rethrowAsIOException(WindowsException.java:108)
	at java.base/sun.nio.fs.WindowsFileSystemProvider.implDelete(WindowsFileSystemProvider.java:273)
	at java.base/sun.nio.fs.AbstractFileSystemProvider.deleteIfExists(AbstractFileSystemProvider.java:109)
	at java.base/java.nio.file.Files.deleteIfExists(Files.java:1190)
	at org.apache.commons.io.file.DeletingPathVisitor.visitFile(DeletingPathVisitor.java:159)
	at org.apache.commons.io.file.DeletingPathVisitor.visitFile(DeletingPathVisitor.java:37)
	at java.base/java.nio.file.Files.walkFileTree(Files.java:2781)
	at java.base/java.nio.file.Files.walkFileTree(Files.java:2852)
	at org.apache.commons.io.file.PathUtils.visitFileTree(PathUtils.java:1654)
	at org.apache.commons.io.file.PathUtils.deleteDirectory(PathUtils.java:517)
	at org.apache.commons.io.file.PathUtils.delete(PathUtils.java:476)
	at org.apache.commons.io.FileUtils.forceDelete(FileUtils.java:1337)
	... 28 more
[TestNG-test=test-1] INFO io.github.bonigarcia.wdm.WebDriverManager - Using chromedriver 120.0.6099.71 (resolved driver for Chrome 120)
[TestNG-test=test-1] INFO io.github.bonigarcia.wdm.WebDriverManager - Exporting webdriver.chrome.driver as C:\Users\Lenovo\.cache\selenium\chromedriver\win64\120.0.6099.71\chromedriver.exe
[TestNG-test=test-1] INFO io.github.bonigarcia.wdm.cache.ResolutionCache - Clearing WebDriverManager resolution cache
[TestNG-test=test-1] INFO io.github.bonigarcia.wdm.WebDriverManager - Using chromedriver 120.0.6099.71 (resolved driver for Chrome 120)
[TestNG-test=test-1] INFO io.github.bonigarcia.wdm.WebDriverManager - Exporting webdriver.chrome.driver as C:\Users\Lenovo\.cache\selenium\chromedriver\win64\120.0.6099.71\chromedriver.exe
Des 09, 2023 6:58:12 PM org.openqa.selenium.devtools.CdpVersionFinder findNearestMatch
WARNING: Unable to find an exact match for CDP version 120, returning the closest version; found: 119; Please update to a Selenium version that supports CDP version 120
]]></system-err>
  </testcase>
  <testcase name="runScenario[&quot;As a user, I should not be able to log in using valid username and invalid password&quot;, &quot;Login&quot;](7)" classname="app.binar.runners.testRunner" time="0.937">
    <system-out><![CDATA[
@login @login
Scenario Outline: As a user, I should not be able to log in using valid username and invalid password           # src/test/java/app/binar/features/login.feature:29
  Given user should be open "https://www.saucedemo.com/" in web browser                                         # app.binar.steps.commonStep.navigateToUrl(java.lang.String)
  When user input valid username "performance_glitch_user" and invalid password "fake_sauce:p"                  # app.binar.steps.loginStep.loginAsInvalidPassword(java.lang.String,java.lang.String)
  Then error alert exist with value "Epic sadface: Username and password do not match any user in this service" # app.binar.steps.loginStep.errorAlertExist(java.lang.String)
  And user take screenshot "user-login-successfully"                                                            # app.binar.steps.commonStep.userTakeScreenshot(java.lang.String)
]]></system-out>
    <system-err><![CDATA[[TestNG-test=test-1] WARN io.github.bonigarcia.wdm.WebDriverManager - Exception deleting driver cache at C:\Users\Lenovo\.cache\selenium
org.apache.commons.io.IOExceptionList: 1 exception(s): [org.apache.commons.io.IOIndexedException: IOException #0: Cannot delete file: C:\Users\Lenovo\.cache\selenium\chromedriver]
	at org.apache.commons.io.IOExceptionList.checkEmpty(IOExceptionList.java:49)
	at org.apache.commons.io.function.IOStream.forAll(IOStream.java:352)
	at org.apache.commons.io.function.IOStreams.forAll(IOStreams.java:42)
	at org.apache.commons.io.function.IOStreams.forAll(IOStreams.java:36)
	at org.apache.commons.io.function.IOConsumer.forAll(IOConsumer.java:80)
	at org.apache.commons.io.FileUtils.cleanDirectory(FileUtils.java:333)
	at io.github.bonigarcia.wdm.WebDriverManager.clearDriverCache(WebDriverManager.java:830)
	at app.binar.browserFactory.launchBrowser(browserFactory.java:16)
	at app.binar.runners.testRunner.setupBrowser(testRunner.java:33)
	at java.base/jdk.internal.reflect.DirectMethodHandleAccessor.invoke(DirectMethodHandleAccessor.java:104)
	at java.base/java.lang.reflect.Method.invoke(Method.java:578)
	at org.testng.internal.invokers.MethodInvocationHelper.invokeMethod(MethodInvocationHelper.java:139)
	at org.testng.internal.invokers.MethodInvocationHelper.invokeMethodConsideringTimeout(MethodInvocationHelper.java:69)
	at org.testng.internal.invokers.ConfigInvoker.invokeConfigurationMethod(ConfigInvoker.java:390)
	at org.testng.internal.invokers.ConfigInvoker.invokeConfigurations(ConfigInvoker.java:325)
	at org.testng.internal.invokers.TestInvoker.runConfigMethods(TestInvoker.java:810)
	at org.testng.internal.invokers.TestInvoker.invokeMethod(TestInvoker.java:577)
	at org.testng.internal.invokers.TestInvoker.invokeTestMethod(TestInvoker.java:227)
	at org.testng.internal.invokers.MethodRunner.runInSequence(MethodRunner.java:50)
	at org.testng.internal.invokers.TestInvoker$MethodInvocationAgent.invoke(TestInvoker.java:957)
	at org.testng.internal.invokers.TestInvoker.invokeTestMethods(TestInvoker.java:200)
	at org.testng.internal.invokers.TestMethodWorker.invokeTestMethods(TestMethodWorker.java:148)
	at org.testng.internal.invokers.TestMethodWorker.run(TestMethodWorker.java:128)
	at java.base/java.util.concurrent.ThreadPoolExecutor.runWorker(ThreadPoolExecutor.java:1144)
	at java.base/java.util.concurrent.ThreadPoolExecutor$Worker.run(ThreadPoolExecutor.java:642)
	at java.base/java.lang.Thread.run(Thread.java:1623)
Caused by: org.apache.commons.io.IOIndexedException: IOException #0: Cannot delete file: C:\Users\Lenovo\.cache\selenium\chromedriver
	at org.apache.commons.io.function.IOStream.lambda$forAll$11(IOStream.java:347)
	at java.base/java.util.Spliterators$ArraySpliterator.forEachRemaining(Spliterators.java:1006)
	at java.base/java.util.stream.ReferencePipeline$Head.forEach(ReferencePipeline.java:762)
	at org.apache.commons.io.function.IOStream.forAll(IOStream.java:338)
	... 24 more
Caused by: java.io.IOException: Cannot delete file: C:\Users\Lenovo\.cache\selenium\chromedriver
	at org.apache.commons.io.FileUtils.forceDelete(FileUtils.java:1340)
	at org.apache.commons.io.function.IOStream.lambda$forAll$11(IOStream.java:340)
	... 27 more
Caused by: java.nio.file.AccessDeniedException: C:\Users\Lenovo\.cache\selenium\chromedriver\win64\120.0.6099.71\chromedriver.exe
	at java.base/sun.nio.fs.WindowsException.translateToIOException(WindowsException.java:89)
	at java.base/sun.nio.fs.WindowsException.rethrowAsIOException(WindowsException.java:103)
	at java.base/sun.nio.fs.WindowsException.rethrowAsIOException(WindowsException.java:108)
	at java.base/sun.nio.fs.WindowsFileSystemProvider.implDelete(WindowsFileSystemProvider.java:273)
	at java.base/sun.nio.fs.AbstractFileSystemProvider.deleteIfExists(AbstractFileSystemProvider.java:109)
	at java.base/java.nio.file.Files.deleteIfExists(Files.java:1190)
	at org.apache.commons.io.file.DeletingPathVisitor.visitFile(DeletingPathVisitor.java:159)
	at org.apache.commons.io.file.DeletingPathVisitor.visitFile(DeletingPathVisitor.java:37)
	at java.base/java.nio.file.Files.walkFileTree(Files.java:2781)
	at java.base/java.nio.file.Files.walkFileTree(Files.java:2852)
	at org.apache.commons.io.file.PathUtils.visitFileTree(PathUtils.java:1654)
	at org.apache.commons.io.file.PathUtils.deleteDirectory(PathUtils.java:517)
	at org.apache.commons.io.file.PathUtils.delete(PathUtils.java:476)
	at org.apache.commons.io.FileUtils.forceDelete(FileUtils.java:1337)
	... 28 more
[TestNG-test=test-1] INFO io.github.bonigarcia.wdm.WebDriverManager - Using chromedriver 120.0.6099.71 (resolved driver for Chrome 120)
[TestNG-test=test-1] INFO io.github.bonigarcia.wdm.WebDriverManager - Exporting webdriver.chrome.driver as C:\Users\Lenovo\.cache\selenium\chromedriver\win64\120.0.6099.71\chromedriver.exe
[TestNG-test=test-1] INFO io.github.bonigarcia.wdm.cache.ResolutionCache - Clearing WebDriverManager resolution cache
[TestNG-test=test-1] INFO io.github.bonigarcia.wdm.WebDriverManager - Using chromedriver 120.0.6099.71 (resolved driver for Chrome 120)
[TestNG-test=test-1] INFO io.github.bonigarcia.wdm.WebDriverManager - Exporting webdriver.chrome.driver as C:\Users\Lenovo\.cache\selenium\chromedriver\win64\120.0.6099.71\chromedriver.exe
Des 09, 2023 6:58:16 PM org.openqa.selenium.devtools.CdpVersionFinder findNearestMatch
WARNING: Unable to find an exact match for CDP version 120, returning the closest version; found: 119; Please update to a Selenium version that supports CDP version 120
]]></system-err>
  </testcase>
  <testcase name="runScenario[&quot;As a user, I should be able to choose price high to low&quot;, &quot;Checkout&quot;](8)" classname="app.binar.runners.testRunner" time="1.178">
    <system-out><![CDATA[
@sorting @sorting
Scenario Outline: As a user, I should be able to choose price high to low          # src/test/java/app/binar/features/sorting.feature:14
  Given user should be open "https://www.saucedemo.com/" in web browser            # app.binar.steps.commonStep.navigateToUrl(java.lang.String)
  When user input valid username "standard_user" and valid password "secret_sauce" # app.binar.steps.loginStep.loginAsValidPassword(java.lang.String,java.lang.String)
  And user choose price high to low                                                # app.binar.steps.sortingStep.user_select_filter()
  Then compare first product price with second product price                       # app.binar.steps.sortingStep.compare_product_price()
  And user take screenshot "user-sorting-high-to-low-successfully"                 # app.binar.steps.commonStep.userTakeScreenshot(java.lang.String)
]]></system-out>
    <system-err><![CDATA[[TestNG-test=test-1] WARN io.github.bonigarcia.wdm.WebDriverManager - Exception deleting driver cache at C:\Users\Lenovo\.cache\selenium
org.apache.commons.io.IOExceptionList: 1 exception(s): [org.apache.commons.io.IOIndexedException: IOException #0: Cannot delete file: C:\Users\Lenovo\.cache\selenium\chromedriver]
	at org.apache.commons.io.IOExceptionList.checkEmpty(IOExceptionList.java:49)
	at org.apache.commons.io.function.IOStream.forAll(IOStream.java:352)
	at org.apache.commons.io.function.IOStreams.forAll(IOStreams.java:42)
	at org.apache.commons.io.function.IOStreams.forAll(IOStreams.java:36)
	at org.apache.commons.io.function.IOConsumer.forAll(IOConsumer.java:80)
	at org.apache.commons.io.FileUtils.cleanDirectory(FileUtils.java:333)
	at io.github.bonigarcia.wdm.WebDriverManager.clearDriverCache(WebDriverManager.java:830)
	at app.binar.browserFactory.launchBrowser(browserFactory.java:16)
	at app.binar.runners.testRunner.setupBrowser(testRunner.java:33)
	at java.base/jdk.internal.reflect.DirectMethodHandleAccessor.invoke(DirectMethodHandleAccessor.java:104)
	at java.base/java.lang.reflect.Method.invoke(Method.java:578)
	at org.testng.internal.invokers.MethodInvocationHelper.invokeMethod(MethodInvocationHelper.java:139)
	at org.testng.internal.invokers.MethodInvocationHelper.invokeMethodConsideringTimeout(MethodInvocationHelper.java:69)
	at org.testng.internal.invokers.ConfigInvoker.invokeConfigurationMethod(ConfigInvoker.java:390)
	at org.testng.internal.invokers.ConfigInvoker.invokeConfigurations(ConfigInvoker.java:325)
	at org.testng.internal.invokers.TestInvoker.runConfigMethods(TestInvoker.java:810)
	at org.testng.internal.invokers.TestInvoker.invokeMethod(TestInvoker.java:577)
	at org.testng.internal.invokers.TestInvoker.invokeTestMethod(TestInvoker.java:227)
	at org.testng.internal.invokers.MethodRunner.runInSequence(MethodRunner.java:50)
	at org.testng.internal.invokers.TestInvoker$MethodInvocationAgent.invoke(TestInvoker.java:957)
	at org.testng.internal.invokers.TestInvoker.invokeTestMethods(TestInvoker.java:200)
	at org.testng.internal.invokers.TestMethodWorker.invokeTestMethods(TestMethodWorker.java:148)
	at org.testng.internal.invokers.TestMethodWorker.run(TestMethodWorker.java:128)
	at java.base/java.util.concurrent.ThreadPoolExecutor.runWorker(ThreadPoolExecutor.java:1144)
	at java.base/java.util.concurrent.ThreadPoolExecutor$Worker.run(ThreadPoolExecutor.java:642)
	at java.base/java.lang.Thread.run(Thread.java:1623)
Caused by: org.apache.commons.io.IOIndexedException: IOException #0: Cannot delete file: C:\Users\Lenovo\.cache\selenium\chromedriver
	at org.apache.commons.io.function.IOStream.lambda$forAll$11(IOStream.java:347)
	at java.base/java.util.Spliterators$ArraySpliterator.forEachRemaining(Spliterators.java:1006)
	at java.base/java.util.stream.ReferencePipeline$Head.forEach(ReferencePipeline.java:762)
	at org.apache.commons.io.function.IOStream.forAll(IOStream.java:338)
	... 24 more
Caused by: java.io.IOException: Cannot delete file: C:\Users\Lenovo\.cache\selenium\chromedriver
	at org.apache.commons.io.FileUtils.forceDelete(FileUtils.java:1340)
	at org.apache.commons.io.function.IOStream.lambda$forAll$11(IOStream.java:340)
	... 27 more
Caused by: java.nio.file.AccessDeniedException: C:\Users\Lenovo\.cache\selenium\chromedriver\win64\120.0.6099.71\chromedriver.exe
	at java.base/sun.nio.fs.WindowsException.translateToIOException(WindowsException.java:89)
	at java.base/sun.nio.fs.WindowsException.rethrowAsIOException(WindowsException.java:103)
	at java.base/sun.nio.fs.WindowsException.rethrowAsIOException(WindowsException.java:108)
	at java.base/sun.nio.fs.WindowsFileSystemProvider.implDelete(WindowsFileSystemProvider.java:273)
	at java.base/sun.nio.fs.AbstractFileSystemProvider.deleteIfExists(AbstractFileSystemProvider.java:109)
	at java.base/java.nio.file.Files.deleteIfExists(Files.java:1190)
	at org.apache.commons.io.file.DeletingPathVisitor.visitFile(DeletingPathVisitor.java:159)
	at org.apache.commons.io.file.DeletingPathVisitor.visitFile(DeletingPathVisitor.java:37)
	at java.base/java.nio.file.Files.walkFileTree(Files.java:2781)
	at java.base/java.nio.file.Files.walkFileTree(Files.java:2852)
	at org.apache.commons.io.file.PathUtils.visitFileTree(PathUtils.java:1654)
	at org.apache.commons.io.file.PathUtils.deleteDirectory(PathUtils.java:517)
	at org.apache.commons.io.file.PathUtils.delete(PathUtils.java:476)
	at org.apache.commons.io.FileUtils.forceDelete(FileUtils.java:1337)
	... 28 more
[TestNG-test=test-1] INFO io.github.bonigarcia.wdm.WebDriverManager - Using chromedriver 120.0.6099.71 (resolved driver for Chrome 120)
[TestNG-test=test-1] INFO io.github.bonigarcia.wdm.WebDriverManager - Exporting webdriver.chrome.driver as C:\Users\Lenovo\.cache\selenium\chromedriver\win64\120.0.6099.71\chromedriver.exe
[TestNG-test=test-1] INFO io.github.bonigarcia.wdm.cache.ResolutionCache - Clearing WebDriverManager resolution cache
[TestNG-test=test-1] INFO io.github.bonigarcia.wdm.WebDriverManager - Using chromedriver 120.0.6099.71 (resolved driver for Chrome 120)
[TestNG-test=test-1] INFO io.github.bonigarcia.wdm.WebDriverManager - Exporting webdriver.chrome.driver as C:\Users\Lenovo\.cache\selenium\chromedriver\win64\120.0.6099.71\chromedriver.exe
Des 09, 2023 6:58:19 PM org.openqa.selenium.devtools.CdpVersionFinder findNearestMatch
WARNING: Unable to find an exact match for CDP version 120, returning the closest version; found: 119; Please update to a Selenium version that supports CDP version 120
]]></system-err>
  </testcase>
  <testcase name="runScenario[&quot;As a user, I should be able to choose price high to low&quot;, &quot;Checkout&quot;](9)" classname="app.binar.runners.testRunner" time="0.899">
    <failure message="Items are not sorted by price (high to low) expected [true] but found [false]" type="java.lang.AssertionError"><![CDATA[java.lang.AssertionError: Items are not sorted by price (high to low) expected [true] but found [false]
]]></failure>
    <system-out><![CDATA[
@sorting @sorting
Scenario Outline: As a user, I should be able to choose price high to low         # src/test/java/app/binar/features/sorting.feature:15
  Given user should be open "https://www.saucedemo.com/" in web browser           # app.binar.steps.commonStep.navigateToUrl(java.lang.String)
  When user input valid username "problem_user" and valid password "secret_sauce" # app.binar.steps.loginStep.loginAsValidPassword(java.lang.String,java.lang.String)
  And user choose price high to low                                               # app.binar.steps.sortingStep.user_select_filter()
  Then compare first product price with second product price                      # app.binar.steps.sortingStep.compare_product_price()
      java.lang.AssertionError: Items are not sorted by price (high to low) expected [true] but found [false]
	at org.testng.Assert.fail(Assert.java:111)
	at org.testng.Assert.failNotEquals(Assert.java:1578)
	at org.testng.Assert.assertTrue(Assert.java:57)
	at app.binar.pages.homePage.comparePrice(homePage.java:64)
	at app.binar.steps.sortingStep.compare_product_price(sortingStep.java:18)
	at ✽.compare first product price with second product price(file:///C:/Users/Lenovo/IdeaProjects/challenge7/src/test/java/app/binar/features/sorting.feature:9)

  And user take screenshot "user-sorting-high-to-low-successfully"                # app.binar.steps.commonStep.userTakeScreenshot(java.lang.String)
]]></system-out>
    <system-err><![CDATA[[TestNG-test=test-1] WARN io.github.bonigarcia.wdm.WebDriverManager - Exception deleting driver cache at C:\Users\Lenovo\.cache\selenium
org.apache.commons.io.IOExceptionList: 1 exception(s): [org.apache.commons.io.IOIndexedException: IOException #0: Cannot delete file: C:\Users\Lenovo\.cache\selenium\chromedriver]
	at org.apache.commons.io.IOExceptionList.checkEmpty(IOExceptionList.java:49)
	at org.apache.commons.io.function.IOStream.forAll(IOStream.java:352)
	at org.apache.commons.io.function.IOStreams.forAll(IOStreams.java:42)
	at org.apache.commons.io.function.IOStreams.forAll(IOStreams.java:36)
	at org.apache.commons.io.function.IOConsumer.forAll(IOConsumer.java:80)
	at org.apache.commons.io.FileUtils.cleanDirectory(FileUtils.java:333)
	at io.github.bonigarcia.wdm.WebDriverManager.clearDriverCache(WebDriverManager.java:830)
	at app.binar.browserFactory.launchBrowser(browserFactory.java:16)
	at app.binar.runners.testRunner.setupBrowser(testRunner.java:33)
	at java.base/jdk.internal.reflect.DirectMethodHandleAccessor.invoke(DirectMethodHandleAccessor.java:104)
	at java.base/java.lang.reflect.Method.invoke(Method.java:578)
	at org.testng.internal.invokers.MethodInvocationHelper.invokeMethod(MethodInvocationHelper.java:139)
	at org.testng.internal.invokers.MethodInvocationHelper.invokeMethodConsideringTimeout(MethodInvocationHelper.java:69)
	at org.testng.internal.invokers.ConfigInvoker.invokeConfigurationMethod(ConfigInvoker.java:390)
	at org.testng.internal.invokers.ConfigInvoker.invokeConfigurations(ConfigInvoker.java:325)
	at org.testng.internal.invokers.TestInvoker.runConfigMethods(TestInvoker.java:810)
	at org.testng.internal.invokers.TestInvoker.invokeMethod(TestInvoker.java:577)
	at org.testng.internal.invokers.TestInvoker.invokeTestMethod(TestInvoker.java:227)
	at org.testng.internal.invokers.MethodRunner.runInSequence(MethodRunner.java:50)
	at org.testng.internal.invokers.TestInvoker$MethodInvocationAgent.invoke(TestInvoker.java:957)
	at org.testng.internal.invokers.TestInvoker.invokeTestMethods(TestInvoker.java:200)
	at org.testng.internal.invokers.TestMethodWorker.invokeTestMethods(TestMethodWorker.java:148)
	at org.testng.internal.invokers.TestMethodWorker.run(TestMethodWorker.java:128)
	at java.base/java.util.concurrent.ThreadPoolExecutor.runWorker(ThreadPoolExecutor.java:1144)
	at java.base/java.util.concurrent.ThreadPoolExecutor$Worker.run(ThreadPoolExecutor.java:642)
	at java.base/java.lang.Thread.run(Thread.java:1623)
Caused by: org.apache.commons.io.IOIndexedException: IOException #0: Cannot delete file: C:\Users\Lenovo\.cache\selenium\chromedriver
	at org.apache.commons.io.function.IOStream.lambda$forAll$11(IOStream.java:347)
	at java.base/java.util.Spliterators$ArraySpliterator.forEachRemaining(Spliterators.java:1006)
	at java.base/java.util.stream.ReferencePipeline$Head.forEach(ReferencePipeline.java:762)
	at org.apache.commons.io.function.IOStream.forAll(IOStream.java:338)
	... 24 more
Caused by: java.io.IOException: Cannot delete file: C:\Users\Lenovo\.cache\selenium\chromedriver
	at org.apache.commons.io.FileUtils.forceDelete(FileUtils.java:1340)
	at org.apache.commons.io.function.IOStream.lambda$forAll$11(IOStream.java:340)
	... 27 more
Caused by: java.nio.file.AccessDeniedException: C:\Users\Lenovo\.cache\selenium\chromedriver\win64\120.0.6099.71\chromedriver.exe
	at java.base/sun.nio.fs.WindowsException.translateToIOException(WindowsException.java:89)
	at java.base/sun.nio.fs.WindowsException.rethrowAsIOException(WindowsException.java:103)
	at java.base/sun.nio.fs.WindowsException.rethrowAsIOException(WindowsException.java:108)
	at java.base/sun.nio.fs.WindowsFileSystemProvider.implDelete(WindowsFileSystemProvider.java:273)
	at java.base/sun.nio.fs.AbstractFileSystemProvider.deleteIfExists(AbstractFileSystemProvider.java:109)
	at java.base/java.nio.file.Files.deleteIfExists(Files.java:1190)
	at org.apache.commons.io.file.DeletingPathVisitor.visitFile(DeletingPathVisitor.java:159)
	at org.apache.commons.io.file.DeletingPathVisitor.visitFile(DeletingPathVisitor.java:37)
	at java.base/java.nio.file.Files.walkFileTree(Files.java:2781)
	at java.base/java.nio.file.Files.walkFileTree(Files.java:2852)
	at org.apache.commons.io.file.PathUtils.visitFileTree(PathUtils.java:1654)
	at org.apache.commons.io.file.PathUtils.deleteDirectory(PathUtils.java:517)
	at org.apache.commons.io.file.PathUtils.delete(PathUtils.java:476)
	at org.apache.commons.io.FileUtils.forceDelete(FileUtils.java:1337)
	... 28 more
[TestNG-test=test-1] INFO io.github.bonigarcia.wdm.WebDriverManager - Using chromedriver 120.0.6099.71 (resolved driver for Chrome 120)
[TestNG-test=test-1] INFO io.github.bonigarcia.wdm.WebDriverManager - Exporting webdriver.chrome.driver as C:\Users\Lenovo\.cache\selenium\chromedriver\win64\120.0.6099.71\chromedriver.exe
[TestNG-test=test-1] INFO io.github.bonigarcia.wdm.cache.ResolutionCache - Clearing WebDriverManager resolution cache
[TestNG-test=test-1] INFO io.github.bonigarcia.wdm.WebDriverManager - Using chromedriver 120.0.6099.71 (resolved driver for Chrome 120)
[TestNG-test=test-1] INFO io.github.bonigarcia.wdm.WebDriverManager - Exporting webdriver.chrome.driver as C:\Users\Lenovo\.cache\selenium\chromedriver\win64\120.0.6099.71\chromedriver.exe
Des 09, 2023 6:58:23 PM org.openqa.selenium.devtools.CdpVersionFinder findNearestMatch
WARNING: Unable to find an exact match for CDP version 120, returning the closest version; found: 119; Please update to a Selenium version that supports CDP version 120
]]></system-err>
  </testcase>
  <testcase name="runScenario[&quot;As a user, I should be able to choose price high to low&quot;, &quot;Checkout&quot;](10)" classname="app.binar.runners.testRunner" time="11.768">
    <system-out><![CDATA[
@sorting @sorting
Scenario Outline: As a user, I should be able to choose price high to low                    # src/test/java/app/binar/features/sorting.feature:16
  Given user should be open "https://www.saucedemo.com/" in web browser                      # app.binar.steps.commonStep.navigateToUrl(java.lang.String)
  When user input valid username "performance_glitch_user" and valid password "secret_sauce" # app.binar.steps.loginStep.loginAsValidPassword(java.lang.String,java.lang.String)
  And user choose price high to low                                                          # app.binar.steps.sortingStep.user_select_filter()
  Then compare first product price with second product price                                 # app.binar.steps.sortingStep.compare_product_price()
  And user take screenshot "user-sorting-high-to-low-successfully"                           # app.binar.steps.commonStep.userTakeScreenshot(java.lang.String)
]]></system-out>
    <system-err><![CDATA[[TestNG-test=test-1] WARN io.github.bonigarcia.wdm.WebDriverManager - Exception deleting driver cache at C:\Users\Lenovo\.cache\selenium
org.apache.commons.io.IOExceptionList: 1 exception(s): [org.apache.commons.io.IOIndexedException: IOException #0: Cannot delete file: C:\Users\Lenovo\.cache\selenium\chromedriver]
	at org.apache.commons.io.IOExceptionList.checkEmpty(IOExceptionList.java:49)
	at org.apache.commons.io.function.IOStream.forAll(IOStream.java:352)
	at org.apache.commons.io.function.IOStreams.forAll(IOStreams.java:42)
	at org.apache.commons.io.function.IOStreams.forAll(IOStreams.java:36)
	at org.apache.commons.io.function.IOConsumer.forAll(IOConsumer.java:80)
	at org.apache.commons.io.FileUtils.cleanDirectory(FileUtils.java:333)
	at io.github.bonigarcia.wdm.WebDriverManager.clearDriverCache(WebDriverManager.java:830)
	at app.binar.browserFactory.launchBrowser(browserFactory.java:16)
	at app.binar.runners.testRunner.setupBrowser(testRunner.java:33)
	at java.base/jdk.internal.reflect.DirectMethodHandleAccessor.invoke(DirectMethodHandleAccessor.java:104)
	at java.base/java.lang.reflect.Method.invoke(Method.java:578)
	at org.testng.internal.invokers.MethodInvocationHelper.invokeMethod(MethodInvocationHelper.java:139)
	at org.testng.internal.invokers.MethodInvocationHelper.invokeMethodConsideringTimeout(MethodInvocationHelper.java:69)
	at org.testng.internal.invokers.ConfigInvoker.invokeConfigurationMethod(ConfigInvoker.java:390)
	at org.testng.internal.invokers.ConfigInvoker.invokeConfigurations(ConfigInvoker.java:325)
	at org.testng.internal.invokers.TestInvoker.runConfigMethods(TestInvoker.java:810)
	at org.testng.internal.invokers.TestInvoker.invokeMethod(TestInvoker.java:577)
	at org.testng.internal.invokers.TestInvoker.invokeTestMethod(TestInvoker.java:227)
	at org.testng.internal.invokers.MethodRunner.runInSequence(MethodRunner.java:50)
	at org.testng.internal.invokers.TestInvoker$MethodInvocationAgent.invoke(TestInvoker.java:957)
	at org.testng.internal.invokers.TestInvoker.invokeTestMethods(TestInvoker.java:200)
	at org.testng.internal.invokers.TestMethodWorker.invokeTestMethods(TestMethodWorker.java:148)
	at org.testng.internal.invokers.TestMethodWorker.run(TestMethodWorker.java:128)
	at java.base/java.util.concurrent.ThreadPoolExecutor.runWorker(ThreadPoolExecutor.java:1144)
	at java.base/java.util.concurrent.ThreadPoolExecutor$Worker.run(ThreadPoolExecutor.java:642)
	at java.base/java.lang.Thread.run(Thread.java:1623)
Caused by: org.apache.commons.io.IOIndexedException: IOException #0: Cannot delete file: C:\Users\Lenovo\.cache\selenium\chromedriver
	at org.apache.commons.io.function.IOStream.lambda$forAll$11(IOStream.java:347)
	at java.base/java.util.Spliterators$ArraySpliterator.forEachRemaining(Spliterators.java:1006)
	at java.base/java.util.stream.ReferencePipeline$Head.forEach(ReferencePipeline.java:762)
	at org.apache.commons.io.function.IOStream.forAll(IOStream.java:338)
	... 24 more
Caused by: java.io.IOException: Cannot delete file: C:\Users\Lenovo\.cache\selenium\chromedriver
	at org.apache.commons.io.FileUtils.forceDelete(FileUtils.java:1340)
	at org.apache.commons.io.function.IOStream.lambda$forAll$11(IOStream.java:340)
	... 27 more
Caused by: java.nio.file.AccessDeniedException: C:\Users\Lenovo\.cache\selenium\chromedriver\win64\120.0.6099.71\chromedriver.exe
	at java.base/sun.nio.fs.WindowsException.translateToIOException(WindowsException.java:89)
	at java.base/sun.nio.fs.WindowsException.rethrowAsIOException(WindowsException.java:103)
	at java.base/sun.nio.fs.WindowsException.rethrowAsIOException(WindowsException.java:108)
	at java.base/sun.nio.fs.WindowsFileSystemProvider.implDelete(WindowsFileSystemProvider.java:273)
	at java.base/sun.nio.fs.AbstractFileSystemProvider.deleteIfExists(AbstractFileSystemProvider.java:109)
	at java.base/java.nio.file.Files.deleteIfExists(Files.java:1190)
	at org.apache.commons.io.file.DeletingPathVisitor.visitFile(DeletingPathVisitor.java:159)
	at org.apache.commons.io.file.DeletingPathVisitor.visitFile(DeletingPathVisitor.java:37)
	at java.base/java.nio.file.Files.walkFileTree(Files.java:2781)
	at java.base/java.nio.file.Files.walkFileTree(Files.java:2852)
	at org.apache.commons.io.file.PathUtils.visitFileTree(PathUtils.java:1654)
	at org.apache.commons.io.file.PathUtils.deleteDirectory(PathUtils.java:517)
	at org.apache.commons.io.file.PathUtils.delete(PathUtils.java:476)
	at org.apache.commons.io.FileUtils.forceDelete(FileUtils.java:1337)
	... 28 more
[TestNG-test=test-1] INFO io.github.bonigarcia.wdm.WebDriverManager - Using chromedriver 120.0.6099.71 (resolved driver for Chrome 120)
[TestNG-test=test-1] INFO io.github.bonigarcia.wdm.WebDriverManager - Exporting webdriver.chrome.driver as C:\Users\Lenovo\.cache\selenium\chromedriver\win64\120.0.6099.71\chromedriver.exe
[TestNG-test=test-1] INFO io.github.bonigarcia.wdm.cache.ResolutionCache - Clearing WebDriverManager resolution cache
[TestNG-test=test-1] INFO io.github.bonigarcia.wdm.WebDriverManager - Using chromedriver 120.0.6099.71 (resolved driver for Chrome 120)
[TestNG-test=test-1] INFO io.github.bonigarcia.wdm.WebDriverManager - Exporting webdriver.chrome.driver as C:\Users\Lenovo\.cache\selenium\chromedriver\win64\120.0.6099.71\chromedriver.exe
Des 09, 2023 6:58:26 PM org.openqa.selenium.devtools.CdpVersionFinder findNearestMatch
WARNING: Unable to find an exact match for CDP version 120, returning the closest version; found: 119; Please update to a Selenium version that supports CDP version 120
]]></system-err>
  </testcase>
</testsuite>