<?xml version="1.0" encoding="UTF-8"?>
<testng-results ignored="0" total="10" passed="8" failed="2" skipped="0">
  <reporter-output>
  </reporter-output>
  <suite started-at="2023-12-09T18:56:45 WIB" name="All Test Suite" finished-at="2023-12-09T18:58:38 WIB" duration-ms="113573">
    <groups>
      <group name="cucumber">
        <method signature="AbstractTestNGCucumberTests.runScenario(io.cucumber.testng.PickleWrapper,io.cucumber.testng.FeatureWrapper)[pri:0, instance:app.binar.runners.testRunner@74235045]" name="runScenario" class="io.cucumber.testng.AbstractTestNGCucumberTests"/>
      </group> <!-- cucumber -->
    </groups>
    <test started-at="2023-12-09T18:56:45 WIB" name="test" finished-at="2023-12-09T18:58:38 WIB" duration-ms="113573">
      <class name="app.binar.runners.testRunner">
        <test-method is-config="true" signature="setUpClass(org.testng.ITestContext)[pri:0, instance:app.binar.runners.testRunner@74235045]" started-at="2023-12-09T18:56:45 WIB" name="setUpClass" finished-at="2023-12-09T18:56:45 WIB" duration-ms="527" status="PASS">
          <params>
            <param index="0">
              <value>
                <![CDATA[org.testng.TestRunner@ba54932]]>
              </value>
            </param>
          </params>
          <reporter-output>
          </reporter-output>
        </test-method> <!-- setUpClass -->
        <test-method is-config="true" signature="setupBrowser()[pri:0, instance:app.binar.runners.testRunner@74235045]" started-at="2023-12-09T18:56:45 WIB" name="setupBrowser" finished-at="2023-12-09T18:56:49 WIB" duration-ms="4068" status="PASS">
          <reporter-output>
          </reporter-output>
        </test-method> <!-- setupBrowser -->
        <test-method signature="runScenario(io.cucumber.testng.PickleWrapper,io.cucumber.testng.FeatureWrapper)[pri:0, instance:app.binar.runners.testRunner@74235045]" started-at="2023-12-09T18:56:49 WIB" name="runScenario" description="Runs Cucumber Scenarios" data-provider="scenarios" finished-at="2023-12-09T18:57:51 WIB" duration-ms="61626" status="FAIL">
          <params>
            <param index="0">
              <value>
                <![CDATA["As a user, I should be able to order and checkout multiple products"]]>
              </value>
            </param>
            <param index="1">
              <value>
                <![CDATA["Checkout"]]>
              </value>
            </param>
          </params>
          <exception class="org.openqa.selenium.TimeoutException">
            <message>
              <![CDATA[Expected condition failed: waiting for visibility of Proxy element for: DefaultElementLocator 'By.id: aadd-to-cart-sauce-labs-backpack' (tried for 25 second(s) with 500 milliseconds interval)]]>
            </message>
            <full-stacktrace>
              <![CDATA[org.openqa.selenium.TimeoutException: Expected condition failed: waiting for visibility of Proxy element for: DefaultElementLocator 'By.id: aadd-to-cart-sauce-labs-backpack' (tried for 25 second(s) with 500 milliseconds interval)
at org.openqa.selenium.support.ui.WebDriverWait.timeoutException(WebDriverWait.java:84)
at org.openqa.selenium.support.ui.FluentWait.until(FluentWait.java:229)
at app.binar.keyword.wait_element_to_be_displayed(keyword.java:53)
at app.binar.keyword.tapElement(keyword.java:24)
at app.binar.pages.homePage.TapAddToCart(homePage.java:88)
at app.binar.steps.checkoutStep.user_click_Add_To_Cart(checkoutStep.java:14)
at ✽.user click Add To Cart button on product(file:///C:/Users/Lenovo/IdeaProjects/challenge7/src/test/java/app/binar/features/checkoutProduct.feature:8)
Caused by: org.openqa.selenium.NoSuchElementException: no such element: Unable to locate element: {"method":"css selector","selector":"#aadd\-to\-cart\-sauce\-labs\-backpack"}
  (Session info: chrome=120.0.6099.71)
For documentation on this error, please visit: https://www.selenium.dev/documentation/webdriver/troubleshooting/errors#no-such-element-exception
Build info: version: '4.15.0', revision: '1d14b5521b'
System info: os.name: 'Windows 10', os.arch: 'amd64', os.version: '10.0', java.version: '20.0.2'
Driver info: org.openqa.selenium.chrome.ChromeDriver
Command: [64158cdeadae64d4e0fac9f7ddc67422, findElement {using=id, value=aadd-to-cart-sauce-labs-backpack}]
Capabilities {acceptInsecureCerts: false, browserName: chrome, browserVersion: 120.0.6099.71, chrome: {chromedriverVersion: 120.0.6099.71 (9729082fe617..., userDataDir: C:\Users\Lenovo\AppData\Loc...}, fedcm:accounts: true, goog:chromeOptions: {debuggerAddress: localhost:63766}, networkConnectionEnabled: false, pageLoadStrategy: normal, platformName: windows, proxy: Proxy(), se:cdp: ws://localhost:63766/devtoo..., se:cdpVersion: 120.0.6099.71, setWindowRect: true, strictFileInteractability: false, timeouts: {implicit: 0, pageLoad: 300000, script: 30000}, unhandledPromptBehavior: dismiss and notify, webauthn:extension:credBlob: true, webauthn:extension:largeBlob: true, webauthn:extension:minPinLength: true, webauthn:extension:prf: true, webauthn:virtualAuthenticators: true}
Session ID: 64158cdeadae64d4e0fac9f7ddc67422
at java.base/jdk.internal.reflect.DirectConstructorHandleAccessor.newInstance(DirectConstructorHandleAccessor.java:67)
at java.base/java.lang.reflect.Constructor.newInstanceWithCaller(Constructor.java:500)
at java.base/java.lang.reflect.Constructor.newInstance(Constructor.java:484)
at org.openqa.selenium.remote.codec.w3c.W3CHttpResponseCodec.createException(W3CHttpResponseCodec.java:200)
at org.openqa.selenium.remote.codec.w3c.W3CHttpResponseCodec.decode(W3CHttpResponseCodec.java:133)
at org.openqa.selenium.remote.codec.w3c.W3CHttpResponseCodec.decode(W3CHttpResponseCodec.java:52)
at org.openqa.selenium.remote.HttpCommandExecutor.execute(HttpCommandExecutor.java:191)
at org.openqa.selenium.remote.service.DriverCommandExecutor.invokeExecute(DriverCommandExecutor.java:200)
at org.openqa.selenium.remote.service.DriverCommandExecutor.execute(DriverCommandExecutor.java:175)
at org.openqa.selenium.remote.RemoteWebDriver.execute(RemoteWebDriver.java:607)
at org.openqa.selenium.remote.ElementLocation$ElementFinder$2.findElement(ElementLocation.java:165)
at org.openqa.selenium.remote.ElementLocation.findElement(ElementLocation.java:59)
at org.openqa.selenium.remote.RemoteWebDriver.findElement(RemoteWebDriver.java:364)
at org.openqa.selenium.remote.RemoteWebDriver.findElement(RemoteWebDriver.java:358)
at org.openqa.selenium.support.pagefactory.DefaultElementLocator.findElement(DefaultElementLocator.java:68)
at org.openqa.selenium.support.pagefactory.internal.LocatingElementHandler.invoke(LocatingElementHandler.java:38)
at jdk.proxy2/jdk.proxy2.$Proxy26.isDisplayed(Unknown Source)
at org.openqa.selenium.support.ui.ExpectedConditions.elementIfVisible(ExpectedConditions.java:304)
at org.openqa.selenium.support.ui.ExpectedConditions$10.apply(ExpectedConditions.java:290)
at org.openqa.selenium.support.ui.ExpectedConditions$10.apply(ExpectedConditions.java:287)
at org.openqa.selenium.support.ui.FluentWait.until(FluentWait.java:204)
at app.binar.keyword.wait_element_to_be_displayed(keyword.java:53)
at app.binar.keyword.tapElement(keyword.java:24)
at app.binar.pages.homePage.TapAddToCart(homePage.java:88)
at app.binar.steps.checkoutStep.user_click_Add_To_Cart(checkoutStep.java:14)
at java.base/jdk.internal.reflect.DirectMethodHandleAccessor.invoke(DirectMethodHandleAccessor.java:104)
at java.base/java.lang.reflect.Method.invoke(Method.java:578)
at io.cucumber.java.Invoker.doInvoke(Invoker.java:66)
at io.cucumber.java.Invoker.invoke(Invoker.java:24)
at io.cucumber.java.AbstractGlueDefinition.invokeMethod(AbstractGlueDefinition.java:47)
at io.cucumber.java.JavaStepDefinition.execute(JavaStepDefinition.java:29)
at io.cucumber.core.runner.CoreStepDefinition.execute(CoreStepDefinition.java:66)
at io.cucumber.core.runner.PickleStepDefinitionMatch.runStep(PickleStepDefinitionMatch.java:63)
at io.cucumber.core.runner.ExecutionMode$1.execute(ExecutionMode.java:10)
at io.cucumber.core.runner.TestStep.executeStep(TestStep.java:84)
at io.cucumber.core.runner.TestStep.run(TestStep.java:56)
at io.cucumber.core.runner.PickleStepTestStep.run(PickleStepTestStep.java:51)
at io.cucumber.core.runner.TestCase.run(TestCase.java:84)
at io.cucumber.core.runner.Runner.runPickle(Runner.java:75)
at io.cucumber.testng.TestNGCucumberRunner.lambda$runScenario$1(TestNGCucumberRunner.java:132)
at io.cucumber.core.runtime.CucumberExecutionContext.lambda$runTestCase$5(CucumberExecutionContext.java:137)
at io.cucumber.core.runtime.RethrowingThrowableCollector.executeAndThrow(RethrowingThrowableCollector.java:23)
at io.cucumber.core.runtime.CucumberExecutionContext.runTestCase(CucumberExecutionContext.java:137)
at io.cucumber.testng.TestNGCucumberRunner.runScenario(TestNGCucumberRunner.java:129)
at io.cucumber.testng.AbstractTestNGCucumberTests.runScenario(AbstractTestNGCucumberTests.java:35)
at java.base/jdk.internal.reflect.DirectMethodHandleAccessor.invoke(DirectMethodHandleAccessor.java:104)
at java.base/java.lang.reflect.Method.invoke(Method.java:578)
at org.testng.internal.invokers.MethodInvocationHelper.invokeMethod(MethodInvocationHelper.java:139)
at org.testng.internal.invokers.TestInvoker.invokeMethod(TestInvoker.java:664)
at org.testng.internal.invokers.TestInvoker.invokeTestMethod(TestInvoker.java:227)
at org.testng.internal.invokers.MethodRunner.runInSequence(MethodRunner.java:50)
at org.testng.internal.invokers.TestInvoker$MethodInvocationAgent.invoke(TestInvoker.java:957)
at org.testng.internal.invokers.TestInvoker.invokeTestMethods(TestInvoker.java:200)
at org.testng.internal.invokers.TestMethodWorker.invokeTestMethods(TestMethodWorker.java:148)
at org.testng.internal.invokers.TestMethodWorker.run(TestMethodWorker.java:128)
at java.base/java.util.concurrent.ThreadPoolExecutor.runWorker(ThreadPoolExecutor.java:1144)
at java.base/java.util.concurrent.ThreadPoolExecutor$Worker.run(ThreadPoolExecutor.java:642)
at java.base/java.lang.Thread.run(Thread.java:1623)
]]>
            </full-stacktrace>
          </exception> <!-- org.openqa.selenium.TimeoutException -->
          <reporter-output>
          </reporter-output>
        </test-method> <!-- runScenario -->
        <test-method is-config="true" signature="teardownBrowser()[pri:0, instance:app.binar.runners.testRunner@74235045]" started-at="2023-12-09T18:57:51 WIB" name="teardownBrowser" finished-at="2023-12-09T18:57:51 WIB" duration-ms="98" status="PASS">
          <reporter-output>
          </reporter-output>
        </test-method> <!-- teardownBrowser -->
        <test-method is-config="true" signature="setupBrowser()[pri:0, instance:app.binar.runners.testRunner@74235045]" started-at="2023-12-09T18:57:51 WIB" name="setupBrowser" finished-at="2023-12-09T18:57:53 WIB" duration-ms="2215" status="PASS">
          <reporter-output>
          </reporter-output>
        </test-method> <!-- setupBrowser -->
        <test-method signature="runScenario(io.cucumber.testng.PickleWrapper,io.cucumber.testng.FeatureWrapper)[pri:0, instance:app.binar.runners.testRunner@74235045]" started-at="2023-12-09T18:57:53 WIB" name="runScenario" description="Runs Cucumber Scenarios" data-provider="scenarios" finished-at="2023-12-09T18:57:54 WIB" duration-ms="1164" status="PASS">
          <params>
            <param index="0">
              <value>
                <![CDATA["As a user, I should be able to log in using valid username and valid password"]]>
              </value>
            </param>
            <param index="1">
              <value>
                <![CDATA["Login"]]>
              </value>
            </param>
          </params>
          <reporter-output>
          </reporter-output>
        </test-method> <!-- runScenario -->
        <test-method is-config="true" signature="teardownBrowser()[pri:0, instance:app.binar.runners.testRunner@74235045]" started-at="2023-12-09T18:57:54 WIB" name="teardownBrowser" finished-at="2023-12-09T18:57:54 WIB" duration-ms="99" status="PASS">
          <reporter-output>
          </reporter-output>
        </test-method> <!-- teardownBrowser -->
        <test-method is-config="true" signature="setupBrowser()[pri:0, instance:app.binar.runners.testRunner@74235045]" started-at="2023-12-09T18:57:54 WIB" name="setupBrowser" finished-at="2023-12-09T18:57:57 WIB" duration-ms="2313" status="PASS">
          <reporter-output>
          </reporter-output>
        </test-method> <!-- setupBrowser -->
        <test-method signature="runScenario(io.cucumber.testng.PickleWrapper,io.cucumber.testng.FeatureWrapper)[pri:0, instance:app.binar.runners.testRunner@74235045]" started-at="2023-12-09T18:57:57 WIB" name="runScenario" description="Runs Cucumber Scenarios" data-provider="scenarios" finished-at="2023-12-09T18:57:58 WIB" duration-ms="1141" status="PASS">
          <params>
            <param index="0">
              <value>
                <![CDATA["As a user, I should be able to log in using valid username and valid password"]]>
              </value>
            </param>
            <param index="1">
              <value>
                <![CDATA["Login"]]>
              </value>
            </param>
          </params>
          <reporter-output>
          </reporter-output>
        </test-method> <!-- runScenario -->
        <test-method is-config="true" signature="teardownBrowser()[pri:0, instance:app.binar.runners.testRunner@74235045]" started-at="2023-12-09T18:57:58 WIB" name="teardownBrowser" finished-at="2023-12-09T18:57:58 WIB" duration-ms="63" status="PASS">
          <reporter-output>
          </reporter-output>
        </test-method> <!-- teardownBrowser -->
        <test-method is-config="true" signature="setupBrowser()[pri:0, instance:app.binar.runners.testRunner@74235045]" started-at="2023-12-09T18:57:58 WIB" name="setupBrowser" finished-at="2023-12-09T18:58:00 WIB" duration-ms="1830" status="PASS">
          <reporter-output>
          </reporter-output>
        </test-method> <!-- setupBrowser -->
        <test-method signature="runScenario(io.cucumber.testng.PickleWrapper,io.cucumber.testng.FeatureWrapper)[pri:0, instance:app.binar.runners.testRunner@74235045]" started-at="2023-12-09T18:58:00 WIB" name="runScenario" description="Runs Cucumber Scenarios" data-provider="scenarios" finished-at="2023-12-09T18:58:06 WIB" duration-ms="6130" status="PASS">
          <params>
            <param index="0">
              <value>
                <![CDATA["As a user, I should be able to log in using valid username and valid password"]]>
              </value>
            </param>
            <param index="1">
              <value>
                <![CDATA["Login"]]>
              </value>
            </param>
          </params>
          <reporter-output>
          </reporter-output>
        </test-method> <!-- runScenario -->
        <test-method is-config="true" signature="teardownBrowser()[pri:0, instance:app.binar.runners.testRunner@74235045]" started-at="2023-12-09T18:58:06 WIB" name="teardownBrowser" finished-at="2023-12-09T18:58:06 WIB" duration-ms="99" status="PASS">
          <reporter-output>
          </reporter-output>
        </test-method> <!-- teardownBrowser -->
        <test-method is-config="true" signature="setupBrowser()[pri:0, instance:app.binar.runners.testRunner@74235045]" started-at="2023-12-09T18:58:06 WIB" name="setupBrowser" finished-at="2023-12-09T18:58:09 WIB" duration-ms="2682" status="PASS">
          <reporter-output>
          </reporter-output>
        </test-method> <!-- setupBrowser -->
        <test-method signature="runScenario(io.cucumber.testng.PickleWrapper,io.cucumber.testng.FeatureWrapper)[pri:0, instance:app.binar.runners.testRunner@74235045]" started-at="2023-12-09T18:58:09 WIB" name="runScenario" description="Runs Cucumber Scenarios" data-provider="scenarios" finished-at="2023-12-09T18:58:10 WIB" duration-ms="1264" status="PASS">
          <params>
            <param index="0">
              <value>
                <![CDATA["As a user, I should not be able to log in using valid username and invalid password"]]>
              </value>
            </param>
            <param index="1">
              <value>
                <![CDATA["Login"]]>
              </value>
            </param>
          </params>
          <reporter-output>
          </reporter-output>
        </test-method> <!-- runScenario -->
        <test-method is-config="true" signature="teardownBrowser()[pri:0, instance:app.binar.runners.testRunner@74235045]" started-at="2023-12-09T18:58:10 WIB" name="teardownBrowser" finished-at="2023-12-09T18:58:10 WIB" duration-ms="102" status="PASS">
          <reporter-output>
          </reporter-output>
        </test-method> <!-- teardownBrowser -->
        <test-method is-config="true" signature="setupBrowser()[pri:0, instance:app.binar.runners.testRunner@74235045]" started-at="2023-12-09T18:58:10 WIB" name="setupBrowser" finished-at="2023-12-09T18:58:12 WIB" duration-ms="2330" status="PASS">
          <reporter-output>
          </reporter-output>
        </test-method> <!-- setupBrowser -->
        <test-method signature="runScenario(io.cucumber.testng.PickleWrapper,io.cucumber.testng.FeatureWrapper)[pri:0, instance:app.binar.runners.testRunner@74235045]" started-at="2023-12-09T18:58:12 WIB" name="runScenario" description="Runs Cucumber Scenarios" data-provider="scenarios" finished-at="2023-12-09T18:58:14 WIB" duration-ms="1320" status="PASS">
          <params>
            <param index="0">
              <value>
                <![CDATA["As a user, I should not be able to log in using valid username and invalid password"]]>
              </value>
            </param>
            <param index="1">
              <value>
                <![CDATA["Login"]]>
              </value>
            </param>
          </params>
          <reporter-output>
          </reporter-output>
        </test-method> <!-- runScenario -->
        <test-method is-config="true" signature="teardownBrowser()[pri:0, instance:app.binar.runners.testRunner@74235045]" started-at="2023-12-09T18:58:14 WIB" name="teardownBrowser" finished-at="2023-12-09T18:58:14 WIB" duration-ms="106" status="PASS">
          <reporter-output>
          </reporter-output>
        </test-method> <!-- teardownBrowser -->
        <test-method is-config="true" signature="setupBrowser()[pri:0, instance:app.binar.runners.testRunner@74235045]" started-at="2023-12-09T18:58:14 WIB" name="setupBrowser" finished-at="2023-12-09T18:58:16 WIB" duration-ms="2074" status="PASS">
          <reporter-output>
          </reporter-output>
        </test-method> <!-- setupBrowser -->
        <test-method signature="runScenario(io.cucumber.testng.PickleWrapper,io.cucumber.testng.FeatureWrapper)[pri:0, instance:app.binar.runners.testRunner@74235045]" started-at="2023-12-09T18:58:16 WIB" name="runScenario" description="Runs Cucumber Scenarios" data-provider="scenarios" finished-at="2023-12-09T18:58:17 WIB" duration-ms="965" status="PASS">
          <params>
            <param index="0">
              <value>
                <![CDATA["As a user, I should not be able to log in using valid username and invalid password"]]>
              </value>
            </param>
            <param index="1">
              <value>
                <![CDATA["Login"]]>
              </value>
            </param>
          </params>
          <reporter-output>
          </reporter-output>
        </test-method> <!-- runScenario -->
        <test-method is-config="true" signature="teardownBrowser()[pri:0, instance:app.binar.runners.testRunner@74235045]" started-at="2023-12-09T18:58:17 WIB" name="teardownBrowser" finished-at="2023-12-09T18:58:17 WIB" duration-ms="90" status="PASS">
          <reporter-output>
          </reporter-output>
        </test-method> <!-- teardownBrowser -->
        <test-method is-config="true" signature="setupBrowser()[pri:0, instance:app.binar.runners.testRunner@74235045]" started-at="2023-12-09T18:58:17 WIB" name="setupBrowser" finished-at="2023-12-09T18:58:19 WIB" duration-ms="2005" status="PASS">
          <reporter-output>
          </reporter-output>
        </test-method> <!-- setupBrowser -->
        <test-method signature="runScenario(io.cucumber.testng.PickleWrapper,io.cucumber.testng.FeatureWrapper)[pri:0, instance:app.binar.runners.testRunner@74235045]" started-at="2023-12-09T18:58:19 WIB" name="runScenario" description="Runs Cucumber Scenarios" data-provider="scenarios" finished-at="2023-12-09T18:58:20 WIB" duration-ms="1187" status="PASS">
          <params>
            <param index="0">
              <value>
                <![CDATA["As a user, I should be able to choose price high to low"]]>
              </value>
            </param>
            <param index="1">
              <value>
                <![CDATA["Checkout"]]>
              </value>
            </param>
          </params>
          <reporter-output>
          </reporter-output>
        </test-method> <!-- runScenario -->
        <test-method is-config="true" signature="teardownBrowser()[pri:0, instance:app.binar.runners.testRunner@74235045]" started-at="2023-12-09T18:58:20 WIB" name="teardownBrowser" finished-at="2023-12-09T18:58:20 WIB" duration-ms="96" status="PASS">
          <reporter-output>
          </reporter-output>
        </test-method> <!-- teardownBrowser -->
        <test-method is-config="true" signature="setupBrowser()[pri:0, instance:app.binar.runners.testRunner@74235045]" started-at="2023-12-09T18:58:20 WIB" name="setupBrowser" finished-at="2023-12-09T18:58:23 WIB" duration-ms="2632" status="PASS">
          <reporter-output>
          </reporter-output>
        </test-method> <!-- setupBrowser -->
        <test-method signature="runScenario(io.cucumber.testng.PickleWrapper,io.cucumber.testng.FeatureWrapper)[pri:0, instance:app.binar.runners.testRunner@74235045]" started-at="2023-12-09T18:58:23 WIB" name="runScenario" description="Runs Cucumber Scenarios" data-provider="scenarios" finished-at="2023-12-09T18:58:24 WIB" duration-ms="925" status="FAIL">
          <params>
            <param index="0">
              <value>
                <![CDATA["As a user, I should be able to choose price high to low"]]>
              </value>
            </param>
            <param index="1">
              <value>
                <![CDATA["Checkout"]]>
              </value>
            </param>
          </params>
          <exception class="java.lang.AssertionError">
            <message>
              <![CDATA[Items are not sorted by price (high to low) expected [true] but found [false]]]>
            </message>
            <full-stacktrace>
              <![CDATA[java.lang.AssertionError: Items are not sorted by price (high to low) expected [true] but found [false]
at org.testng.Assert.fail(Assert.java:111)
at org.testng.Assert.failNotEquals(Assert.java:1578)
at org.testng.Assert.assertTrue(Assert.java:57)
at app.binar.pages.homePage.comparePrice(homePage.java:64)
at app.binar.steps.sortingStep.compare_product_price(sortingStep.java:18)
at ✽.compare first product price with second product price(file:///C:/Users/Lenovo/IdeaProjects/challenge7/src/test/java/app/binar/features/sorting.feature:9)
]]>
            </full-stacktrace>
          </exception> <!-- java.lang.AssertionError -->
          <reporter-output>
          </reporter-output>
        </test-method> <!-- runScenario -->
        <test-method is-config="true" signature="teardownBrowser()[pri:0, instance:app.binar.runners.testRunner@74235045]" started-at="2023-12-09T18:58:24 WIB" name="teardownBrowser" finished-at="2023-12-09T18:58:24 WIB" duration-ms="96" status="PASS">
          <reporter-output>
          </reporter-output>
        </test-method> <!-- teardownBrowser -->
        <test-method is-config="true" signature="setupBrowser()[pri:0, instance:app.binar.runners.testRunner@74235045]" started-at="2023-12-09T18:58:24 WIB" name="setupBrowser" finished-at="2023-12-09T18:58:26 WIB" duration-ms="2054" status="PASS">
          <reporter-output>
          </reporter-output>
        </test-method> <!-- setupBrowser -->
        <test-method signature="runScenario(io.cucumber.testng.PickleWrapper,io.cucumber.testng.FeatureWrapper)[pri:0, instance:app.binar.runners.testRunner@74235045]" started-at="2023-12-09T18:58:26 WIB" name="runScenario" description="Runs Cucumber Scenarios" data-provider="scenarios" finished-at="2023-12-09T18:58:38 WIB" duration-ms="11789" status="PASS">
          <params>
            <param index="0">
              <value>
                <![CDATA["As a user, I should be able to choose price high to low"]]>
              </value>
            </param>
            <param index="1">
              <value>
                <![CDATA["Checkout"]]>
              </value>
            </param>
          </params>
          <reporter-output>
          </reporter-output>
        </test-method> <!-- runScenario -->
        <test-method is-config="true" signature="teardownBrowser()[pri:0, instance:app.binar.runners.testRunner@74235045]" started-at="2023-12-09T18:58:38 WIB" name="teardownBrowser" finished-at="2023-12-09T18:58:38 WIB" duration-ms="107" status="PASS">
          <reporter-output>
          </reporter-output>
        </test-method> <!-- teardownBrowser -->
        <test-method is-config="true" signature="tearDownClass()[pri:0, instance:app.binar.runners.testRunner@74235045]" started-at="2023-12-09T18:58:38 WIB" name="tearDownClass" finished-at="2023-12-09T18:58:38 WIB" duration-ms="332" status="PASS">
          <reporter-output>
          </reporter-output>
        </test-method> <!-- tearDownClass -->
      </class> <!-- app.binar.runners.testRunner -->
    </test> <!-- test -->
  </suite> <!-- All Test Suite -->
</testng-results>
